---- OxMetrics 8.00 started at 09:08:45 on 24-Apr-2021 ----

MacroVariables.in7 loaded from C:\Users\bteba\Documents\GitHub\Tese\Ox Metrics GVAR\Database\MacroVariables.in7

DatabaseDesAdm_RA_v1.csv loaded from C:\Users\bteba\Documents\GitHub\Tese\Ox Metrics GVAR\Database\DatabaseDesAdm_RA_v1.csv

MacroVariables.in7 saved to C:\Users\bteba\Documents\GitHub\Tese\Ox Metrics GVAR\Database\MacroVariables.in7

MacroVariables.in7 saved to C:\Users\bteba\Documents\GitHub\Tese\Ox Metrics GVAR\Database\MacroVariables.in7

MacroVariables.in7 saved to C:\Users\bteba\Documents\GitHub\Tese\Ox Metrics GVAR\Database\MacroVariables.in7

MacroVariables.in7 saved to C:\Users\bteba\Documents\GitHub\Tese\Ox Metrics GVAR\Database\MacroVariables.in7

BASEDEBUG_1_Fulldatabase.in7 loaded from C:\Users\bteba\Documents\GitHub\Tese\Ox Metrics GVAR\Ox Scripts\BASEDEBUG_1_Fulldatabase.in7

R1_database.in7 loaded from C:\Users\bteba\Documents\GitHub\Tese\Ox Metrics GVAR\Ox Scripts\Debug\R1_database.in7

BASEDEBUG_1_Fulldatabase.in7 loaded from C:\Users\bteba\Documents\GitHub\Tese\Ox Metrics GVAR\Ox Scripts\BASEDEBUG_1_Fulldatabase.in7


Ox Professional version 8.00 (Windows_64/U) (C) J.A. Doornik, 1994-2018
CATS package version 3.00, object created on 24-04-2021

---- CATS 3.00 session started at 11:52:51 on 24-04-2021 ----
*** Error: Y variance is less than 1e-12. This is too small.
*** Warning: Z_2 is singular
*** Warning: z_1 is singular
Warning: decldl: decomposition failed
(1884): RROlsQ
Warning: decsvd: decomposition failed
(1897): RROlsQ
Runtime error: '[-1][] in matrix[7][6]' index out of range
Runtime error occurred in ApplyColumnScale (1250), call trace: 
(1250): ApplyColumnScale
(3190): DoUpdateEstimates_I1
(3138): DoSetI1Rank
(3598): DoEstimation
(8865): DoEstimation
 (933): Estimate
Runtime error: in callback function
*** Error: Y variance is less than 1e-12. This is too small.
*** Warning: Z_2 is singular
Warning: decldl: decomposition failed
(1884): RROlsQ
Warning: decsvd: decomposition failed
(1897): RROlsQ
Runtime error: '[-1][] in matrix[6][6]' index out of range
Runtime error occurred in ApplyColumnScale (1250), call trace: 
(1250): ApplyColumnScale
(3190): DoUpdateEstimates_I1
(3138): DoSetI1Rank
(3598): DoEstimation
(8865): DoEstimation
 (933): Estimate
Runtime error: in callback function

---------------------------- CATS( 1): I(1) VECM
The dataset is:              C:\Users\bteba\Documents\GitHub\Tese\Ox Metrics GVAR\Database\MacroVariables.in7
The estimation sample is:    1995(3) - 2018(12)
The dependent variables are: lpim_BR ln_Selic_aa ln_cambio ln_IPCA ln_oil
Unrestricted variables:      Constant
Deterministic specification: Unrestricted Constant (H_lc, CATS::DRIFT)


UNRESTRICTED I(1) ESTIMATES:
	X_t  = A_1 X_{t-1} + ... + A_k X_{t-k} + rest + epsilon_t, epsilon_t ~ N(0,Omega),
	DX_t = Pi X_{t-1} + Gamma_1 DX_{t-1} + ... + Gamma_{k-1} DX_{t-k+1} + rest + epsilon_t.
	VAR model: Pi = alpha beta' where Pi is unrestricted.

beta', the normalized cointegrating vectors:
              lpim_BR_1ln_Selic_aa_1 ln_cambio_1   ln_IPCA_1    ln_oil_1
     CVec(1)          1      -0.549     -0.0738      0.0287      -0.234 
     CVec(2)       15.9        50.5        4.24           1       0.431 
     CVec(3)     -0.165    -0.00776           1      -0.589       0.664 
     CVec(4)       0.97        5.16       -5.62        1.22           1 
     CVec(5)      -1.63          12           1         7.3       -1.57 

alpha, the loadings on the cointegrating vectors:
             alpha[][0]  alpha[][1]  alpha[][2]  alpha[][3]  alpha[][4]
    Dlpim_BR     -0.338    -0.00485    -0.00249   -0.000382   -0.000243 
                {  -6.7}    {  -3.3}    {  -0.2}    {  -0.2}    {  -0.1}
Dln_Selic_aa       0.06    -0.00163     0.00523   -0.000323   -0.000634 
                {   3.2}    {  -3.0}    {   1.3}    {  -0.4}    {  -1.0}
  Dln_cambio     0.0252   -0.000166     -0.0121      0.0014    -0.00106 
                {   0.8}    {  -0.2}    {  -1.8}    {   1.0}    {  -1.0}
    Dln_IPCA   -0.00327    0.000333    0.000306   -0.000131      -7e-05 
                {  -1.3}    {   4.5}    {   0.5}    {  -1.1}    {  -0.8}
     Dln_oil     0.0501    -0.00503     -0.0213    -0.00625    0.000669 
   {t-value}    {   0.7}    {  -2.3}    {  -1.3}    {  -1.9}    {   0.3}

Pi = alpha beta', the long-run coefficients:
              lpim_BR_1ln_Selic_aa_1 ln_cambio_1   ln_IPCA_1    ln_oil_1
    Dlpim_BR     -0.415     -0.0644      0.0038     -0.0153      0.0755 
                {  -7.4}    {  -0.8}    {   0.2}    {  -1.0}    {   5.2}
Dln_Selic_aa     0.0339      -0.125    -0.00494    -0.00802     -0.0106 
                {   1.7}    {  -4.1}    {  -0.7}    {  -1.4}    {  -2.0}
  Dln_cambio     0.0277     -0.0277     -0.0236     0.00162      -0.011 
                {   0.8}    {  -0.5}    {  -2.1}    {   0.2}    {  -1.2}
    Dln_IPCA    0.00194      0.0171     0.00263   -0.000614     0.00109 
                {   0.7}    {   4.1}    {   2.8}    {  -0.8}    {   1.5}
     Dln_oil    -0.0334      -0.306     -0.0106     0.00622     -0.0354 
   {t-value}    {  -0.4}    {  -2.5}    {  -0.4}    {   0.3}    {  -1.7}

Residual correlations and standard errors:
                lpim_BR ln_Selic_aa   ln_cambio     ln_IPCA      ln_oil
     lpim_BR          1 
 ln_Selic_aa     -0.103           1 
   ln_cambio    0.00104      0.0663           1 
     ln_IPCA     -0.132       0.103     -0.0618           1 
      ln_oil      0.179    0.000893      -0.106     -0.0445           1 
        S.E.     0.0573      0.0211       0.035     0.00289      0.0844 

log-likelihood     3243.25455  -log|Omega|        36.8694871
-T/2log|Omega|     5272.33665
SC                 -21.592411  AIC               -22.2954864
no. of observations       286  no. of parameters          55
no. of dependent vars, p    5  with lag length             2
rank of Pi=alpha*beta', r   5  columns in beta, p1         5
estimation:               RRR  Strong convergence
Constant/Trend:         DRIFT


I(1) ANALYSIS:
 p-r   r  Eigenvalue     Trace    Trace^    Crit5%     p-value    p-value^
   5   0      0.1750    112.29    107.31     69.61  [0.000]**   [0.000]** 
   4   1      0.1364     57.29     54.77     47.71  [0.004]**   [0.009]** 
   3   2      0.0257     15.35     14.30     29.80  [0.761]     [0.825]   
   2   3      0.0191      7.90      6.71     15.41  [0.484]     [0.617]   
   1   4      0.0083      2.39      2.00      3.84  [0.122]     [0.157]   
Trace^ and p-value^ incorporate the Bartlett small sample correction.

THE ROOTS OF THE COMPANION MATRIX:
  r=0 Re     Im   Mod  r=1 Re     Im   Mod  r=2 Re     Im   Mod  r=3 Re     Im   Mod  r=4 Re     Im   Mod  r=5 Re     Im   Mod
   1.000  0.000  1.00   1.000  0.000  1.00   1.000  0.000  1.00   1.000  0.000  1.00   1.000  0.000  1.00   0.997  0.000  1.00
   1.000  0.000  1.00   1.000  0.000  1.00   1.000  0.000  1.00   1.000  0.000  1.00   0.972  0.014  0.97   0.968  0.014  0.97
   1.000  0.000  1.00   1.000  0.000  1.00   1.000  0.000  1.00   0.969  0.000  0.97   0.972 -0.014  0.97   0.968 -0.014  0.97
   1.000  0.000  1.00   1.000  0.000  1.00   0.880  0.000  0.88   0.876  0.000  0.88   0.874  0.000  0.87   0.867  0.000  0.87
   1.000  0.000  1.00   0.683 -0.059  0.69   0.619  0.101  0.63   0.620  0.100  0.63   0.620  0.098  0.63   0.623  0.100  0.63
   0.677  0.000  0.68   0.683  0.059  0.69   0.619 -0.101  0.63   0.620 -0.100  0.63   0.620 -0.098  0.63   0.623 -0.100  0.63
   0.378  0.000  0.38   0.350  0.000  0.35   0.319  0.000  0.32   0.316  0.000  0.32   0.322  0.000  0.32   0.325  0.000  0.33
  -0.256  0.000  0.26  -0.148  0.000  0.15  -0.137  0.000  0.14   0.174  0.000  0.17   0.172  0.000  0.17   0.171  0.000  0.17
   0.126  0.000  0.13   0.124  0.000  0.12   0.106  0.022  0.11  -0.132  0.000  0.13  -0.132  0.000  0.13  -0.132  0.000  0.13
  -0.010  0.000  0.01  -0.009  0.000  0.01   0.106 -0.022  0.11   0.048  0.000  0.05   0.048  0.000  0.05   0.049  0.000  0.05

---------------------------- CATS( 2): I(1) VECM
The dataset is:              C:\Users\bteba\Documents\GitHub\Tese\Ox Metrics GVAR\Database\MacroVariables.in7
The estimation sample is:    1995(3) - 2018(12)
The dependent variables are: lpim_BR ln_Selic_aa ln_cambio ln_IPCA ln_oil
Unrestricted variables:      Constant
Deterministic specification: Unrestricted Constant (H_lc, CATS::DRIFT)


UNRESTRICTED I(1) ESTIMATES:
	X_t  = A_1 X_{t-1} + ... + A_k X_{t-k} + rest + epsilon_t, epsilon_t ~ N(0,Omega),
	DX_t = Pi X_{t-1} + Gamma_1 DX_{t-1} + ... + Gamma_{k-1} DX_{t-k+1} + rest + epsilon_t.
	VAR model: Pi = alpha beta' where Pi is unrestricted.

beta', the normalized cointegrating vectors:
              lpim_BR_1ln_Selic_aa_1 ln_cambio_1   ln_IPCA_1    ln_oil_1
     CVec(1)          1      -0.549     -0.0738      0.0287      -0.234 
     CVec(2)       15.9        50.5        4.24           1       0.431 
     CVec(3)     -0.165    -0.00776           1      -0.589       0.664 
     CVec(4)       0.97        5.16       -5.62        1.22           1 
     CVec(5)      -1.63          12           1         7.3       -1.57 

alpha, the loadings on the cointegrating vectors:
             alpha[][0]  alpha[][1]  alpha[][2]  alpha[][3]  alpha[][4]
    Dlpim_BR     -0.338    -0.00485    -0.00249   -0.000382   -0.000243 
                {  -6.7}    {  -3.3}    {  -0.2}    {  -0.2}    {  -0.1}
Dln_Selic_aa       0.06    -0.00163     0.00523   -0.000323   -0.000634 
                {   3.2}    {  -3.0}    {   1.3}    {  -0.4}    {  -1.0}
  Dln_cambio     0.0252   -0.000166     -0.0121      0.0014    -0.00106 
                {   0.8}    {  -0.2}    {  -1.8}    {   1.0}    {  -1.0}
    Dln_IPCA   -0.00327    0.000333    0.000306   -0.000131      -7e-05 
                {  -1.3}    {   4.5}    {   0.5}    {  -1.1}    {  -0.8}
     Dln_oil     0.0501    -0.00503     -0.0213    -0.00625    0.000669 
   {t-value}    {   0.7}    {  -2.3}    {  -1.3}    {  -1.9}    {   0.3}

Pi = alpha beta', the long-run coefficients:
              lpim_BR_1ln_Selic_aa_1 ln_cambio_1   ln_IPCA_1    ln_oil_1
    Dlpim_BR     -0.415     -0.0644      0.0038     -0.0153      0.0755 
                {  -7.4}    {  -0.8}    {   0.2}    {  -1.0}    {   5.2}
Dln_Selic_aa     0.0339      -0.125    -0.00494    -0.00802     -0.0106 
                {   1.7}    {  -4.1}    {  -0.7}    {  -1.4}    {  -2.0}
  Dln_cambio     0.0277     -0.0277     -0.0236     0.00162      -0.011 
                {   0.8}    {  -0.5}    {  -2.1}    {   0.2}    {  -1.2}
    Dln_IPCA    0.00194      0.0171     0.00263   -0.000614     0.00109 
                {   0.7}    {   4.1}    {   2.8}    {  -0.8}    {   1.5}
     Dln_oil    -0.0334      -0.306     -0.0106     0.00622     -0.0354 
   {t-value}    {  -0.4}    {  -2.5}    {  -0.4}    {   0.3}    {  -1.7}

Residual correlations and standard errors:
                lpim_BR ln_Selic_aa   ln_cambio     ln_IPCA      ln_oil
     lpim_BR          1 
 ln_Selic_aa     -0.103           1 
   ln_cambio    0.00104      0.0663           1 
     ln_IPCA     -0.132       0.103     -0.0618           1 
      ln_oil      0.179    0.000893      -0.106     -0.0445           1 
        S.E.     0.0573      0.0211       0.035     0.00289      0.0844 

log-likelihood     3243.25455  -log|Omega|        36.8694871
-T/2log|Omega|     5272.33665
SC                 -21.592411  AIC               -22.2954864
no. of observations       286  no. of parameters          55
no. of dependent vars, p    5  with lag length             2
rank of Pi=alpha*beta', r   5  columns in beta, p1         5
estimation:               RRR  Strong convergence
Constant/Trend:         DRIFT


I(1) ANALYSIS:
 p-r   r  Eigenvalue     Trace    Trace^    Crit5%     p-value    p-value^
   5   0      0.1750    112.29    107.31     69.61  [0.000]**   [0.000]** 
   4   1      0.1364     57.29     54.77     47.71  [0.004]**   [0.009]** 
   3   2      0.0257     15.35     14.30     29.80  [0.761]     [0.825]   
   2   3      0.0191      7.90      6.71     15.41  [0.484]     [0.617]   
   1   4      0.0083      2.39      2.00      3.84  [0.122]     [0.157]   
Trace^ and p-value^ incorporate the Bartlett small sample correction.

THE ROOTS OF THE COMPANION MATRIX:
  r=0 Re     Im   Mod  r=1 Re     Im   Mod  r=2 Re     Im   Mod  r=3 Re     Im   Mod  r=4 Re     Im   Mod  r=5 Re     Im   Mod
   1.000  0.000  1.00   1.000  0.000  1.00   1.000  0.000  1.00   1.000  0.000  1.00   1.000  0.000  1.00   0.997  0.000  1.00
   1.000  0.000  1.00   1.000  0.000  1.00   1.000  0.000  1.00   1.000  0.000  1.00   0.972  0.014  0.97   0.968  0.014  0.97
   1.000  0.000  1.00   1.000  0.000  1.00   1.000  0.000  1.00   0.969  0.000  0.97   0.972 -0.014  0.97   0.968 -0.014  0.97
   1.000  0.000  1.00   1.000  0.000  1.00   0.880  0.000  0.88   0.876  0.000  0.88   0.874  0.000  0.87   0.867  0.000  0.87
   1.000  0.000  1.00   0.683 -0.059  0.69   0.619  0.101  0.63   0.620  0.100  0.63   0.620  0.098  0.63   0.623  0.100  0.63
   0.677  0.000  0.68   0.683  0.059  0.69   0.619 -0.101  0.63   0.620 -0.100  0.63   0.620 -0.098  0.63   0.623 -0.100  0.63
   0.378  0.000  0.38   0.350  0.000  0.35   0.319  0.000  0.32   0.316  0.000  0.32   0.322  0.000  0.32   0.325  0.000  0.33
  -0.256  0.000  0.26  -0.148  0.000  0.15  -0.137  0.000  0.14   0.174  0.000  0.17   0.172  0.000  0.17   0.171  0.000  0.17
   0.126  0.000  0.13   0.124  0.000  0.12   0.106  0.022  0.11  -0.132  0.000  0.13  -0.132  0.000  0.13  -0.132  0.000  0.13
  -0.010  0.000  0.01  -0.009  0.000  0.01   0.106 -0.022  0.11   0.048  0.000  0.05   0.048  0.000  0.05   0.049  0.000  0.05

---------------------------- CATS( 3): I(1) VECM
The dataset is:              C:\Users\bteba\Documents\GitHub\Tese\Ox Metrics GVAR\Database\MacroVariables.in7
The estimation sample is:    1995(3) - 2018(12)
The dependent variables are: lpim_BR ln_Selic_aa ln_cambio ln_IPCA ln_oil
Unrestricted variables:      Constant
Deterministic specification: Unrestricted Constant (H_lc, CATS::DRIFT)


I(1) ESTIMATES FOR RANK 2:
	Z0_t = Pi Z1_t + Phi Z2_t + rest* + epsilon_t, epsilon_t ~ N(0,Omega),
	Z0_t = DX_t, Z1_t = X_{t-1} | W_t | D^r_{t-1}, Z2_t = differences | D^u_{t-1}.
	Cointegrated I(1) model: Pi = alpha beta' with rank r < p, alpha is (p x r), beta is (p_1 x r).

beta', the normalized cointegrating vectors:
              lpim_BR_1ln_Selic_aa_1 ln_cambio_1   ln_IPCA_1    ln_oil_1
     CVec(1)          1      -0.549     -0.0738      0.0287      -0.234 
     CVec(2)       15.9        50.5        4.24           1       0.431 

alpha, the loadings on the cointegrating vectors:
             alpha[][0]  alpha[][1]
    Dlpim_BR     -0.338    -0.00485 
                {  -6.7}    {  -3.3}
Dln_Selic_aa       0.06    -0.00163 
                {   3.2}    {  -3.0}
  Dln_cambio     0.0252   -0.000166 
                {   0.8}    {  -0.2}
    Dln_IPCA   -0.00327    0.000333 
                {  -1.3}    {   4.5}
     Dln_oil     0.0501    -0.00503 
   {t-value}    {   0.7}    {  -2.3}

Pi = alpha beta', the long-run coefficients:
              lpim_BR_1ln_Selic_aa_1 ln_cambio_1   ln_IPCA_1    ln_oil_1
    Dlpim_BR     -0.415     -0.0595     0.00439     -0.0145      0.0771 
                {  -7.5}    {  -0.8}    {   0.6}    {  -7.1}    {   6.5}
Dln_Selic_aa     0.0341      -0.115     -0.0114    8.57e-05     -0.0148 
                {   1.7}    {  -4.0}    {  -4.3}    {   0.1}    {  -3.4}
  Dln_cambio     0.0226     -0.0222    -0.00257    0.000557    -0.00598 
                {   0.7}    {  -0.5}    {  -0.6}    {   0.4}    {  -0.8}
    Dln_IPCA      0.002      0.0186     0.00165    0.000239     0.00091 
                {   0.7}    {   4.7}    {   4.5}    {   2.3}    {   1.5}
     Dln_oil    -0.0297      -0.282      -0.025     -0.0036     -0.0139 
   {t-value}    {  -0.4}    {  -2.4}    {  -2.3}    {  -1.2}    {  -0.8}

Residual correlations and standard errors:
                lpim_BR ln_Selic_aa   ln_cambio     ln_IPCA      ln_oil
     lpim_BR          1 
 ln_Selic_aa     -0.103           1 
   ln_cambio    0.00229      0.0594           1 
     ln_IPCA      -0.13       0.108     -0.0658           1 
      ln_oil       0.18    -0.00325      -0.103     -0.0397           1 
        S.E.     0.0573      0.0212      0.0353      0.0029      0.0852 

log-likelihood     3235.58062  -log|Omega|        36.8158232
-T/2log|Omega|     5264.66272
SC                -21.7167329  AIC               -22.3047596
no. of observations       286  no. of parameters          46
no. of dependent vars, p    5  with lag length             2
rank of Pi=alpha*beta', r   2  columns in beta, p1         5
estimation:               RRR  Strong convergence
Constant/Trend:         DRIFT


---------------------------- CATS( 4): I(1) VECM
The dataset is:              C:\Users\bteba\Documents\GitHub\Tese\Ox Metrics GVAR\Database\MacroVariables.in7
The estimation sample is:    1995(3) - 2018(12)
The dependent variables are: lpim_BR ln_Selic_aa ln_cambio ln_IPCA
Unrestricted variables:      Constant
Deterministic specification: Unrestricted Constant (H_lc, CATS::DRIFT)


UNRESTRICTED I(1) ESTIMATES:
	X_t  = A_1 X_{t-1} + ... + A_k X_{t-k} + rest + epsilon_t, epsilon_t ~ N(0,Omega),
	DX_t = Pi X_{t-1} + Gamma_1 DX_{t-1} + ... + Gamma_{k-1} DX_{t-k+1} + rest + epsilon_t.
	VAR model: Pi = alpha beta' where Pi is unrestricted.

beta', the normalized cointegrating vectors:
              lpim_BR_1ln_Selic_aa_1 ln_cambio_1   ln_IPCA_1
     CVec(1)       21.9        60.2        5.51           1 
     CVec(2)          1      -0.748       0.109      -0.232 
     CVec(3)     -0.316      -0.498           1      -0.131 
     CVec(4)      -6.96          43           1        19.3 

alpha, the loadings on the cointegrating vectors:
             alpha[][0]  alpha[][1]  alpha[][2]  alpha[][3]
    Dlpim_BR   -0.00459      -0.109     0.00877   -0.000127 
                {  -3.7}    {  -3.7}    {   0.5}    {  -0.2}
Dln_Selic_aa   -0.00123      0.0305     0.00363   -0.000215 
                {  -2.8}    {   3.0}    {   0.6}    {  -1.0}
  Dln_cambio  -0.000112    -0.00783     -0.0169   -0.000369 
                {  -0.2}    {  -0.5}    {  -1.8}    {  -1.0}
    Dln_IPCA    0.00026   -0.000902    0.000893    -2.8e-05 
   {t-value}    {   4.3}    {  -0.6}    {   1.1}    {  -0.9}

Pi = alpha beta', the long-run coefficients:
              lpim_BR_1ln_Selic_aa_1 ln_cambio_1   ln_IPCA_1
    Dlpim_BR     -0.211      -0.205     -0.0286      0.0171 
                {  -5.2}    {  -2.4}    {  -1.6}    {   1.2}
Dln_Selic_aa    0.00393      -0.108   -3.36e-05     -0.0129 
                {   0.3}    {  -3.7}    {  -0.0}    {  -2.6}
  Dln_cambio   -0.00237    -0.00834     -0.0188    -0.00322 
                {  -0.1}    {  -0.2}    {  -1.8}    {  -0.4}
    Dln_IPCA    0.00471      0.0147      0.0022   -0.000188 
   {t-value}    {   2.4}    {   3.7}    {   2.5}    {  -0.3}

Residual correlations and standard errors:
                lpim_BR ln_Selic_aa   ln_cambio     ln_IPCA
     lpim_BR          1 
 ln_Selic_aa     -0.128           1 
   ln_cambio    -0.0252      0.0739           1 
     ln_IPCA    -0.0725      0.0921     -0.0708           1 
        S.E.      0.061      0.0212      0.0351     0.00293 

log-likelihood     2910.37651  -log|Omega|        31.7037916
-T/2log|Omega|     4533.64220
SC                -19.6403403  AIC               -20.1005351
no. of observations       286  no. of parameters          36
no. of dependent vars, p    4  with lag length             2
rank of Pi=alpha*beta', r   4  columns in beta, p1         4
estimation:               RRR  Strong convergence
Constant/Trend:         DRIFT


I(1) ANALYSIS:
		  p-r   r  Eigenvalue     Trace    Trace^    Crit5%     p-value    p-value^
   4   0      0.1319     69.52     66.92     47.71  [0.000]**   [0.000]** 
   3   1      0.0726     29.07     27.49     29.80  [0.061]     [0.092]   
   2   2      0.0168      7.53      6.92     15.41  [0.524]     [0.593]   
   1   3      0.0093      2.68      2.32      3.84  [0.101]     [0.128]   
Trace^ and p-value^ incorporate the Bartlett small sample correction.

THE ROOTS OF THE COMPANION MATRIX:
  r=0 Re     Im   Mod  r=1 Re     Im   Mod  r=2 Re     Im   Mod  r=3 Re     Im   Mod  r=4 Re     Im   Mod
   1.000  0.000  1.00   1.000  0.000  1.00   1.000  0.000  1.00   1.000  0.000  1.00   0.997  0.000  1.00
   1.000  0.000  1.00   1.000  0.000  1.00   1.000  0.000  1.00   0.970  0.000  0.97   0.970  0.000  0.97
   1.000  0.000  1.00   1.000  0.000  1.00   0.919  0.000  0.92   0.920  0.000  0.92   0.903  0.000  0.90
   1.000  0.000  1.00   0.850  0.000  0.85   0.802  0.000  0.80   0.802  0.000  0.80   0.807  0.000  0.81
   0.669  0.000  0.67   0.568  0.000  0.57   0.578  0.000  0.58   0.578  0.000  0.58   0.578  0.000  0.58
   0.341  0.000  0.34   0.302  0.000  0.30   0.309  0.000  0.31   0.323  0.000  0.32   0.326  0.000  0.33
  -0.159  0.000  0.16  -0.159  0.000  0.16  -0.139  0.000  0.14  -0.139  0.000  0.14  -0.140  0.000  0.14
  -0.095  0.000  0.10   0.029  0.000  0.03   0.031  0.000  0.03   0.028  0.000  0.03   0.031  0.000  0.03

---------------------------- CATS( 5): I(1) VECM
The dataset is:              C:\Users\bteba\Documents\GitHub\Tese\Ox Metrics GVAR\Database\MacroVariables.in7
The estimation sample is:    1995(3) - 2018(12)
The dependent variables are: lpim_BR ln_Selic_aa ln_cambio ln_IPCA
Unrestricted variables:      Constant
Deterministic specification: Unrestricted Constant (H_lc, CATS::DRIFT)


UNRESTRICTED I(1) ESTIMATES:
	X_t  = A_1 X_{t-1} + ... + A_k X_{t-k} + rest + epsilon_t, epsilon_t ~ N(0,Omega),
	DX_t = Pi X_{t-1} + Gamma_1 DX_{t-1} + ... + Gamma_{k-1} DX_{t-k+1} + rest + epsilon_t.
	VAR model: Pi = alpha beta' where Pi is unrestricted.

beta', the normalized cointegrating vectors:
              lpim_BR_1ln_Selic_aa_1 ln_cambio_1   ln_IPCA_1
     CVec(1)       21.9        60.2        5.51           1 
     CVec(2)          1      -0.748       0.109      -0.232 
     CVec(3)     -0.316      -0.498           1      -0.131 
     CVec(4)      -6.96          43           1        19.3 

alpha, the loadings on the cointegrating vectors:
             alpha[][0]  alpha[][1]  alpha[][2]  alpha[][3]
    Dlpim_BR   -0.00459      -0.109     0.00877   -0.000127 
                {  -3.7}    {  -3.7}    {   0.5}    {  -0.2}
Dln_Selic_aa   -0.00123      0.0305     0.00363   -0.000215 
                {  -2.8}    {   3.0}    {   0.6}    {  -1.0}
  Dln_cambio  -0.000112    -0.00783     -0.0169   -0.000369 
                {  -0.2}    {  -0.5}    {  -1.8}    {  -1.0}
    Dln_IPCA    0.00026   -0.000902    0.000893    -2.8e-05 
   {t-value}    {   4.3}    {  -0.6}    {   1.1}    {  -0.9}

Pi = alpha beta', the long-run coefficients:
              lpim_BR_1ln_Selic_aa_1 ln_cambio_1   ln_IPCA_1
    Dlpim_BR     -0.211      -0.205     -0.0286      0.0171 
                {  -5.2}    {  -2.4}    {  -1.6}    {   1.2}
Dln_Selic_aa    0.00393      -0.108   -3.36e-05     -0.0129 
                {   0.3}    {  -3.7}    {  -0.0}    {  -2.6}
  Dln_cambio   -0.00237    -0.00834     -0.0188    -0.00322 
                {  -0.1}    {  -0.2}    {  -1.8}    {  -0.4}
    Dln_IPCA    0.00471      0.0147      0.0022   -0.000188 
   {t-value}    {   2.4}    {   3.7}    {   2.5}    {  -0.3}

Residual correlations and standard errors:
                lpim_BR ln_Selic_aa   ln_cambio     ln_IPCA
     lpim_BR          1 
 ln_Selic_aa     -0.128           1 
   ln_cambio    -0.0252      0.0739           1 
     ln_IPCA    -0.0725      0.0921     -0.0708           1 
        S.E.      0.061      0.0212      0.0351     0.00293 

log-likelihood     2910.37651  -log|Omega|        31.7037916
-T/2log|Omega|     4533.64220
SC                -19.6403403  AIC               -20.1005351
no. of observations       286  no. of parameters          36
no. of dependent vars, p    4  with lag length             2
rank of Pi=alpha*beta', r   4  columns in beta, p1         4
estimation:               RRR  Strong convergence
Constant/Trend:         DRIFT


I(1) ANALYSIS:
 p-r   r  Eigenvalue     Trace    Trace^    Crit5%     p-value    p-value^
   4   0      0.1319     69.52     66.92     47.71  [0.000]**   [0.000]** 
   3   1      0.0726     29.07     27.49     29.80  [0.061]     [0.092]   
   2   2      0.0168      7.53      6.92     15.41  [0.524]     [0.593]   
   1   3      0.0093      2.68      2.32      3.84  [0.101]     [0.128]   
Trace^ and p-value^ incorporate the Bartlett small sample correction.

THE ROOTS OF THE COMPANION MATRIX:
  r=0 Re     Im   Mod  r=1 Re     Im   Mod  r=2 Re     Im   Mod  r=3 Re     Im   Mod  r=4 Re     Im   Mod
   1.000  0.000  1.00   1.000  0.000  1.00   1.000  0.000  1.00   1.000  0.000  1.00   0.997  0.000  1.00
   1.000  0.000  1.00   1.000  0.000  1.00   1.000  0.000  1.00   0.970  0.000  0.97   0.970  0.000  0.97
   1.000  0.000  1.00   1.000  0.000  1.00   0.919  0.000  0.92   0.920  0.000  0.92   0.903  0.000  0.90
   1.000  0.000  1.00   0.850  0.000  0.85   0.802  0.000  0.80   0.802  0.000  0.80   0.807  0.000  0.81
   0.669  0.000  0.67   0.568  0.000  0.57   0.578  0.000  0.58   0.578  0.000  0.58   0.578  0.000  0.58
   0.341  0.000  0.34   0.302  0.000  0.30   0.309  0.000  0.31   0.323  0.000  0.32   0.326  0.000  0.33
  -0.159  0.000  0.16  -0.159  0.000  0.16  -0.139  0.000  0.14  -0.139  0.000  0.14  -0.140  0.000  0.14
  -0.095  0.000  0.10   0.029  0.000  0.03   0.031  0.000  0.03   0.028  0.000  0.03   0.031  0.000  0.03

---------------------------- CATS( 6): I(1) VECM
The dataset is:              C:\Users\bteba\Documents\GitHub\Tese\Ox Metrics GVAR\Database\MacroVariables.in7
The estimation sample is:    1995(3) - 2018(12)
The dependent variables are: lpim_BR ln_Selic_aa ln_cambio ln_IPCA
Unrestricted variables:      Constant
Deterministic specification: Unrestricted Constant (H_lc, CATS::DRIFT)


UNRESTRICTED I(1) ESTIMATES:
	X_t  = A_1 X_{t-1} + ... + A_k X_{t-k} + rest + epsilon_t, epsilon_t ~ N(0,Omega),
	DX_t = Pi X_{t-1} + Gamma_1 DX_{t-1} + ... + Gamma_{k-1} DX_{t-k+1} + rest + epsilon_t.
	VAR model: Pi = alpha beta' where Pi is unrestricted.

beta', the normalized cointegrating vectors:
              lpim_BR_1ln_Selic_aa_1 ln_cambio_1   ln_IPCA_1
     CVec(1)       21.9        60.2        5.51           1 
     CVec(2)          1      -0.748       0.109      -0.232 
     CVec(3)     -0.316      -0.498           1      -0.131 
     CVec(4)      -6.96          43           1        19.3 

alpha, the loadings on the cointegrating vectors:
             alpha[][0]  alpha[][1]  alpha[][2]  alpha[][3]
    Dlpim_BR   -0.00459      -0.109     0.00877   -0.000127 
                {  -3.7}    {  -3.7}    {   0.5}    {  -0.2}
Dln_Selic_aa   -0.00123      0.0305     0.00363   -0.000215 
                {  -2.8}    {   3.0}    {   0.6}    {  -1.0}
  Dln_cambio  -0.000112    -0.00783     -0.0169   -0.000369 
                {  -0.2}    {  -0.5}    {  -1.8}    {  -1.0}
    Dln_IPCA    0.00026   -0.000902    0.000893    -2.8e-05 
   {t-value}    {   4.3}    {  -0.6}    {   1.1}    {  -0.9}

Pi = alpha beta', the long-run coefficients:
              lpim_BR_1ln_Selic_aa_1 ln_cambio_1   ln_IPCA_1
    Dlpim_BR     -0.211      -0.205     -0.0286      0.0171 
                {  -5.2}    {  -2.4}    {  -1.6}    {   1.2}
Dln_Selic_aa    0.00393      -0.108   -3.36e-05     -0.0129 
                {   0.3}    {  -3.7}    {  -0.0}    {  -2.6}
  Dln_cambio   -0.00237    -0.00834     -0.0188    -0.00322 
                {  -0.1}    {  -0.2}    {  -1.8}    {  -0.4}
    Dln_IPCA    0.00471      0.0147      0.0022   -0.000188 
   {t-value}    {   2.4}    {   3.7}    {   2.5}    {  -0.3}

Residual correlations and standard errors:
                lpim_BR ln_Selic_aa   ln_cambio     ln_IPCA
     lpim_BR          1 
 ln_Selic_aa     -0.128           1 
   ln_cambio    -0.0252      0.0739           1 
     ln_IPCA    -0.0725      0.0921     -0.0708           1 
        S.E.      0.061      0.0212      0.0351     0.00293 

log-likelihood     2910.37651  -log|Omega|        31.7037916
-T/2log|Omega|     4533.64220
SC                -19.6403403  AIC               -20.1005351
no. of observations       286  no. of parameters          36
no. of dependent vars, p    4  with lag length             2
rank of Pi=alpha*beta', r   4  columns in beta, p1         4
estimation:               RRR  Strong convergence
Constant/Trend:         DRIFT


I(1) ANALYSIS:
 p-r   r  Eigenvalue     Trace    Trace^    Crit5%     p-value    p-value^
   4   0      0.1319     69.52     66.92     47.71  [0.000]**   [0.000]** 
   3   1      0.0726     29.07     27.49     29.80  [0.061]     [0.092]   
   2   2      0.0168      7.53      6.92     15.41  [0.524]     [0.593]   
   1   3      0.0093      2.68      2.32      3.84  [0.101]     [0.128]   
Trace^ and p-value^ incorporate the Bartlett small sample correction.

BOOTSTRAP OF THE TRACE TEST STATISTIC
Bootstrap sampling scheme  : Wild IIN[0,1]
Number of replications (B) : 399
Length of time series  (T) : 286
Starting from default seed : yes
Bootstrap time             : 0.95

Quantiles of the approximating Gamma distribution using bootstrapped means and variances:
 p-r   r    Mean    S.E. Reject%     50%     75%     80%     85%     90%     95%
   4   0  49.446  19.734    0.00   46.85   64.84   69.56   75.82   85.73  106.47
   3   1  26.875  10.643    0.00   25.48   35.18   37.73   41.10   46.43   57.59
   2   2   9.801   4.745    0.00    9.05   13.41   14.59   16.16   18.68   24.04
   1   3   1.189   1.644    0.00    0.56    1.96    2.45    3.19    4.49    7.70

I(1) ANALYSIS using the bootstrap:
 p-r   r  Eigenvalue     Trace    Crit5%   Crit*5%     p-value    p-value*
   4   0      0.1319     69.52     47.71    106.47  [0.000]**   [0.118]   
   3   1      0.0726     29.07     29.80     57.59  [0.061]     [0.313]   
   2   2      0.0168      7.53     15.41     24.04  [0.524]     [0.644]   
   1   3      0.0093      2.68      3.84      7.70  [0.101]     [0.143]   
Crit5% and p-value are the original values, Crit*5% and p-value* are based on the bootstrap

THE ROOTS OF THE COMPANION MATRIX:
  r=0 Re     Im   Mod  r=1 Re     Im   Mod  r=2 Re     Im   Mod  r=3 Re     Im   Mod  r=4 Re     Im   Mod
   1.000  0.000  1.00   1.000  0.000  1.00   1.000  0.000  1.00   1.000  0.000  1.00   0.997  0.000  1.00
   1.000  0.000  1.00   1.000  0.000  1.00   1.000  0.000  1.00   0.970  0.000  0.97   0.970  0.000  0.97
   1.000  0.000  1.00   1.000  0.000  1.00   0.919  0.000  0.92   0.920  0.000  0.92   0.903  0.000  0.90
   1.000  0.000  1.00   0.850  0.000  0.85   0.802  0.000  0.80   0.802  0.000  0.80   0.807  0.000  0.81
   0.669  0.000  0.67   0.568  0.000  0.57   0.578  0.000  0.58   0.578  0.000  0.58   0.578  0.000  0.58
   0.341  0.000  0.34   0.302  0.000  0.30   0.309  0.000  0.31   0.323  0.000  0.32   0.326  0.000  0.33
  -0.159  0.000  0.16  -0.159  0.000  0.16  -0.139  0.000  0.14  -0.139  0.000  0.14  -0.140  0.000  0.14
  -0.095  0.000  0.10   0.029  0.000  0.03   0.031  0.000  0.03   0.028  0.000  0.03   0.031  0.000  0.03

Algebra code for MacroVariables.in7:
Dln_IPCA = diff(ln_IPCA, 1);
MacroVariables.in7 saved to C:\Users\bteba\Documents\GitHub\Tese\Ox Metrics GVAR\Database\MacroVariables.in7


---------------------------- CATS( 7): I(1) VECM
The dataset is:              C:\Users\bteba\Documents\GitHub\Tese\Ox Metrics GVAR\Database\MacroVariables.in7
The estimation sample is:    1995(4) - 2018(12)
The dependent variables are: lpim_BR ln_Selic_aa ln_cambio Dln_IPCA
Unrestricted variables:      Constant
Deterministic specification: Unrestricted Constant (H_lc, CATS::DRIFT)


UNRESTRICTED I(1) ESTIMATES:
	X_t  = A_1 X_{t-1} + ... + A_k X_{t-k} + rest + epsilon_t, epsilon_t ~ N(0,Omega),
	DX_t = Pi X_{t-1} + Gamma_1 DX_{t-1} + ... + Gamma_{k-1} DX_{t-k+1} + rest + epsilon_t.
	VAR model: Pi = alpha beta' where Pi is unrestricted.

beta', the normalized cointegrating vectors:
              lpim_BR_1ln_Selic_aa_1 ln_cambio_1  Dln_IPCA_1
     CVec(1)     -0.015     -0.0457    -0.00503           1 
     CVec(2)          1        1.75       0.139         8.1 
     CVec(3)     -0.696           1     -0.0499       -6.37 
     CVec(4)     -0.257       0.122           1       -5.83 

alpha, the loadings on the cointegrating vectors:
             alpha[][0]  alpha[][1]  alpha[][2]  alpha[][3]
    Dlpim_BR       2.03      -0.135      0.0417     0.00693 
                {   2.1}    {  -4.4}    {   1.8}    {   0.4}
Dln_Selic_aa      0.166     -0.0241     -0.0251    0.000954 
                {   0.5}    {  -2.2}    {  -3.1}    {   0.2}
  Dln_cambio     -0.922     -0.0267      -0.002      -0.019 
                {  -1.7}    {  -1.5}    {  -0.2}    {  -1.9}
   DDln_IPCA     -0.373    -0.00116   -0.000233    0.000548 
   {t-value}    {  -8.0}    {  -0.8}    {  -0.2}    {   0.7}

Pi = alpha beta', the long-run coefficients:
              lpim_BR_1ln_Selic_aa_1 ln_cambio_1  Dln_IPCA_1
    Dlpim_BR     -0.196      -0.287     -0.0241       0.634 
                {  -5.2}    {  -3.9}    {  -1.3}    {   0.6}
Dln_Selic_aa   -0.00938     -0.0747    -0.00198       0.125 
                {  -0.7}    {  -2.9}    {  -0.3}    {   0.3}
  Dln_cambio   -0.00662    -0.00893     -0.0179       -1.02 
                {  -0.3}    {  -0.2}    {  -1.7}    {  -1.7}
   DDln_IPCA    0.00446      0.0149     0.00227      -0.384 
   {t-value}    {   2.4}    {   4.2}    {   2.6}    {  -7.8}

Residual correlations and standard errors:
                lpim_BR ln_Selic_aa   ln_cambio    Dln_IPCA
     lpim_BR          1 
 ln_Selic_aa     -0.155           1 
   ln_cambio    -0.0489      0.0629           1 
    Dln_IPCA    -0.0888       0.084     -0.0862           1 
        S.E.     0.0605      0.0214      0.0348     0.00292 

log-likelihood     2905.43848  -log|Omega|        31.7405502
-T/2log|Omega|     4523.02840
SC                -19.6750433  AIC               -20.1364104
no. of observations       285  no. of parameters          36
no. of dependent vars, p    4  with lag length             2
rank of Pi=alpha*beta', r   4  columns in beta, p1         4
estimation:               RRR  Strong convergence
Constant/Trend:         DRIFT


I(1) ANALYSIS:
 p-r   r  Eigenvalue     Trace    Trace^    Crit5%     p-value    p-value^
   4   0      0.2042    110.77    108.44     47.71  [0.000]**   [0.000]** 
   3   1      0.0997     45.68     44.85     29.80  [0.000]**   [0.000]** 
   2   2      0.0396     15.75     15.38     15.41  [0.044]*    [0.051]   
   1   3      0.0148      4.24      3.83      3.84  [0.039]*    [0.050]   
Trace^ and p-value^ incorporate the Bartlett small sample correction.

THE ROOTS OF THE COMPANION MATRIX:
  r=0 Re     Im   Mod  r=1 Re     Im   Mod  r=2 Re     Im   Mod  r=3 Re     Im   Mod  r=4 Re     Im   Mod
   1.000  0.000  1.00   1.000  0.000  1.00   1.000  0.000  1.00   1.000  0.000  1.00   0.972  0.000  0.97
   1.000  0.000  1.00   1.000  0.000  1.00   1.000  0.000  1.00   0.954  0.000  0.95   0.952  0.000  0.95
   1.000  0.000  1.00   1.000  0.000  1.00   0.799  0.000  0.80   0.799  0.000  0.80   0.799  0.000  0.80
   1.000  0.000  1.00   0.434 -0.137  0.46   0.438 -0.070  0.44   0.440 -0.072  0.45   0.447  0.078  0.45
   0.267  0.000  0.27   0.434  0.137  0.46   0.438  0.070  0.44   0.440  0.072  0.45   0.447 -0.078  0.45
  -0.207  0.000  0.21  -0.215  0.000  0.22  -0.183  0.000  0.18  -0.173  0.000  0.17  -0.169  0.000  0.17
  -0.087  0.017  0.09   0.008 -0.055  0.06   0.037 -0.052  0.06   0.031 -0.052  0.06   0.031  0.040  0.05
  -0.087 -0.017  0.09   0.008  0.055  0.06   0.037  0.052  0.06   0.031  0.052  0.06   0.031 -0.040  0.05

---------------------------- CATS( 8): I(1) VECM
The dataset is:              C:\Users\bteba\Documents\GitHub\Tese\Ox Metrics GVAR\Database\MacroVariables.in7
The estimation sample is:    1995(4) - 2018(12)
The dependent variables are: lpim_BR ln_Selic_aa ln_cambio Dln_IPCA
Unrestricted variables:      Constant
Deterministic specification: Unrestricted Constant (H_lc, CATS::DRIFT)


I(1) ESTIMATES FOR RANK 2:
	Z0_t = Pi Z1_t + Phi Z2_t + rest* + epsilon_t, epsilon_t ~ N(0,Omega),
	Z0_t = DX_t, Z1_t = X_{t-1} | W_t | D^r_{t-1}, Z2_t = differences | D^u_{t-1}.
	Cointegrated I(1) model: Pi = alpha beta' with rank r < p, alpha is (p x r), beta is (p_1 x r).

beta', the normalized cointegrating vectors:
              lpim_BR_1ln_Selic_aa_1 ln_cambio_1  Dln_IPCA_1
     CVec(1)     -0.015     -0.0457    -0.00503           1 
     CVec(2)          1        1.75       0.139         8.1 

alpha, the loadings on the cointegrating vectors:
             alpha[][0]  alpha[][1]
    Dlpim_BR       2.03      -0.135 
                {   2.1}    {  -4.4}
Dln_Selic_aa      0.166     -0.0241 
                {   0.5}    {  -2.2}
  Dln_cambio     -0.922     -0.0267 
                {  -1.6}    {  -1.5}
   DDln_IPCA     -0.373    -0.00116 
   {t-value}    {  -8.0}    {  -0.8}

Pi = alpha beta', the long-run coefficients:
              lpim_BR_1ln_Selic_aa_1 ln_cambio_1  Dln_IPCA_1
    Dlpim_BR     -0.166      -0.329      -0.029        0.94 
                {  -4.8}    {  -4.7}    {  -4.4}    {   0.9}
Dln_Selic_aa    -0.0266     -0.0498    -0.00419     -0.0286 
                {  -2.2}    {  -2.0}    {  -1.8}    {  -0.1}
  Dln_cambio    -0.0129    -0.00461    0.000919       -1.14 
                {  -0.7}    {  -0.1}    {   0.2}    {  -2.0}
   DDln_IPCA    0.00444       0.015     0.00171      -0.383 
   {t-value}    {   2.7}    {   4.5}    {   5.5}    {  -7.9}

Residual correlations and standard errors:
                lpim_BR ln_Selic_aa   ln_cambio    Dln_IPCA
     lpim_BR          1 
 ln_Selic_aa     -0.171           1 
   ln_cambio     -0.052       0.062           1 
    Dln_IPCA    -0.0886      0.0852       -0.09           1 
        S.E.     0.0609      0.0218      0.0351     0.00292 

log-likelihood     2897.56230  -log|Omega|        31.6852788
-T/2log|Omega|     4515.15223
SC                -19.6991051  AIC               -20.1092091
no. of observations       285  no. of parameters          32
no. of dependent vars, p    4  with lag length             2
rank of Pi=alpha*beta', r   2  columns in beta, p1         4
estimation:               RRR  Strong convergence
Constant/Trend:         DRIFT


Specified restrictions:
	[beta]
	1 * * *
	0 * 0 1
	[alpha]
INITIALIZING 20
it0     f=     31.68155878
it12    f=     31.68155929
ALPHA,BETA SWITCHING, eps=1e-09:
it1     f=     31.68155929  change=   1.015e-13 pi-change   4.061e-06  step=1.48984
Strong convergence
I(1) BFGS:
it0     f=      31.6815593 df= 3.728e-06 e1= 2.161e-07 e2= 6.067e-08 step=1
BFGS: Strong convergence
ALPHA,BETA SWITCHING, eps=1e-09:
it1     f=     31.68155929  change=   3.044e-15 pi-change   4.775e-07  step=1.6657
Strong convergence


RESTRICTED I(1) ESTIMATES FOR RANK 2:
	Z0_t = Pi Z1_t + Phi Z2_t + rest* + epsilon_t, epsilon_t ~ N(0,Omega),
	Z0_t = DX_t, Z1_t = X_{t-1} | W_t | D^r_{t-1}, Z2_t = differences | D^u_{t-1}.
	Cointegrated I(1) model: Pi = alpha beta' with rank r < p, alpha is (p x r), beta is (p_1 x r).
	Restrictions:  beta=(H_1 phi_1, H_2 phi_2, ...)

beta', the normalized cointegrating vectors:
              lpim_BR_1ln_Selic_aa_1 ln_cambio_1  Dln_IPCA_1
     CVec(1)          1        1.67       0.214        18.9 
     CVec(2)          0     -0.0149           0           1 

alpha, the loadings on the cointegrating vectors:
             alpha[][0]  alpha[][1]
    Dlpim_BR      -0.16        4.14 
                {  -4.8}    {   3.2}
Dln_Selic_aa    -0.0262       0.473 
                {  -2.2}    {   1.0}
  Dln_cambio    -0.0136      -0.967 
                {  -0.7}    {  -1.3}
   DDln_IPCA    0.00489      -0.461 
   {t-value}    {   3.0}    {  -7.4}

Pi = alpha beta', the long-run coefficients:
              lpim_BR_1ln_Selic_aa_1 ln_cambio_1  Dln_IPCA_1
    Dlpim_BR      -0.16      -0.329     -0.0344        1.11 
                {  -4.8}    {  -4.0}    {  -2.3}    {   0.9}
Dln_Selic_aa    -0.0262     -0.0506    -0.00561     -0.0217 
                {  -2.2}    {  -1.9}    {  -1.7}    {  -0.1}
  Dln_cambio    -0.0136    -0.00825    -0.00292       -1.22 
                {  -0.7}    {  -0.2}    {  -0.7}    {  -2.1}
   DDln_IPCA    0.00489       0.015     0.00105      -0.369 
   {t-value}    {   3.0}    {   3.8}    {   2.0}    {  -7.0}

Residual correlations and standard errors:
                lpim_BR ln_Selic_aa   ln_cambio    Dln_IPCA
     lpim_BR          1 
 ln_Selic_aa      -0.17           1 
   ln_cambio     -0.053      0.0604           1 
    Dln_IPCA    -0.0844      0.0853     -0.0938           1 
        S.E.     0.0609      0.0218       0.035     0.00293 

log-likelihood     2897.03227  -log|Omega|        31.6815593
-T/2log|Omega|     4514.62220
SC                -19.7152189  AIC               -20.1125072
no. of observations       285  no. of parameters          31
no. of dependent vars, p    4  with lag length             2
rank of Pi=alpha*beta', r   2  columns in beta, p1         4
no. of restrictions         1  identified                 No
estimation:       Switch+BFGS  Strong convergence
Constant/Trend:         DRIFT


Restrictions on columns of beta:
	CVec(1) 	    1     *     *     * 
	CVec(2) 	    0     *     0     1 
Test of restrictions on beta:            Chi^2(1)  =   1.0601 [0.3032]  


TESTS OF RESTRICTIONS
Tests of variable exclusion:
	Test of lpim_BR_1:       Chi^2(2)  =   20.787 [0.0000]**
	Test of ln_Selic_aa_1:   Chi^2(2)  =   30.154 [0.0000]**
	Test of ln_cambio_1:     Chi^2(2)  =   6.3234 [0.0424]* 
	Test of Dln_IPCA_1:      Chi^2(2)  =   50.495 [0.0000]**
Tests of variable stationarity (keeping other restricted variables):
	Test of lpim_BR_1:       Chi^2(2)  =   17.722 [0.0001]**
	Test of ln_Selic_aa_1:   Chi^2(2)  =   14.755 [0.0006]**
	Test of ln_cambio_1:     Chi^2(2)  =   25.332 [0.0000]**
	Test of Dln_IPCA_1:      Chi^2(2)  =   3.1872 [0.2032]  
Tests of long-run weak exogeneity:
	Test of Dlpim_BR:        Chi^2(2)  =   15.067 [0.0005]**
	Test of Dln_Selic_aa:    Chi^2(2)  =   3.1316 [0.2089]  
	Test of Dln_cambio:      Chi^2(2)  =   4.4269 [0.1093]  
	Test of DDln_IPCA:       Chi^2(2)  =   52.085 [0.0000]**
Tests of unit vector in alpha:
	Test of Dlpim_BR:        Chi^2(2)  =   4.2013 [0.1224]  
	Test of Dln_Selic_aa:    Chi^2(2)  =   14.104 [0.0009]**
	Test of Dln_cambio:      Chi^2(2)  =   23.226 [0.0000]**
	Test of DDln_IPCA:       Chi^2(2)  =   4.0064 [0.1349]  


---------------------------- CATS( 9): I(1) VECM
The dataset is:              C:\Users\bteba\Documents\GitHub\Tese\Ox Metrics GVAR\Database\MacroVariables.in7
The estimation sample is:    1995(4) - 2018(12)
The dependent variables are: lpim_BR ln_Selic_aa ln_cambio Dln_IPCA
Unrestricted variables:      Constant
Deterministic specification: Unrestricted Constant (H_lc, CATS::DRIFT)


UNRESTRICTED I(1) ESTIMATES:
	X_t  = A_1 X_{t-1} + ... + A_k X_{t-k} + rest + epsilon_t, epsilon_t ~ N(0,Omega),
	DX_t = Pi X_{t-1} + Gamma_1 DX_{t-1} + ... + Gamma_{k-1} DX_{t-k+1} + rest + epsilon_t.
	VAR model: Pi = alpha beta' where Pi is unrestricted.

beta', the normalized cointegrating vectors:
              lpim_BR_1ln_Selic_aa_1 ln_cambio_1  Dln_IPCA_1
     CVec(1)     -0.015     -0.0457    -0.00503           1 
     CVec(2)          1        1.75       0.139         8.1 
     CVec(3)     -0.696           1     -0.0499       -6.37 
     CVec(4)     -0.257       0.122           1       -5.83 

alpha, the loadings on the cointegrating vectors:
             alpha[][0]  alpha[][1]  alpha[][2]  alpha[][3]
    Dlpim_BR       2.03      -0.135      0.0417     0.00693 
                {   2.1}    {  -4.4}    {   1.8}    {   0.4}
Dln_Selic_aa      0.166     -0.0241     -0.0251    0.000954 
                {   0.5}    {  -2.2}    {  -3.1}    {   0.2}
  Dln_cambio     -0.922     -0.0267      -0.002      -0.019 
                {  -1.7}    {  -1.5}    {  -0.2}    {  -1.9}
   DDln_IPCA     -0.373    -0.00116   -0.000233    0.000548 
   {t-value}    {  -8.0}    {  -0.8}    {  -0.2}    {   0.7}

Pi = alpha beta', the long-run coefficients:
              lpim_BR_1ln_Selic_aa_1 ln_cambio_1  Dln_IPCA_1
    Dlpim_BR     -0.196      -0.287     -0.0241       0.634 
                {  -5.2}    {  -3.9}    {  -1.3}    {   0.6}
Dln_Selic_aa   -0.00938     -0.0747    -0.00198       0.125 
                {  -0.7}    {  -2.9}    {  -0.3}    {   0.3}
  Dln_cambio   -0.00662    -0.00893     -0.0179       -1.02 
                {  -0.3}    {  -0.2}    {  -1.7}    {  -1.7}
   DDln_IPCA    0.00446      0.0149     0.00227      -0.384 
   {t-value}    {   2.4}    {   4.2}    {   2.6}    {  -7.8}

Residual correlations and standard errors:
                lpim_BR ln_Selic_aa   ln_cambio    Dln_IPCA
     lpim_BR          1 
 ln_Selic_aa     -0.155           1 
   ln_cambio    -0.0489      0.0629           1 
    Dln_IPCA    -0.0888       0.084     -0.0862           1 
        S.E.     0.0605      0.0214      0.0348     0.00292 

log-likelihood     2905.43848  -log|Omega|        31.7405502
-T/2log|Omega|     4523.02840
SC                -19.6750433  AIC               -20.1364104
no. of observations       285  no. of parameters          36
no. of dependent vars, p    4  with lag length             2
rank of Pi=alpha*beta', r   4  columns in beta, p1         4
estimation:               RRR  Strong convergence
Constant/Trend:         DRIFT


I(1) ANALYSIS:
 p-r   r  Eigenvalue     Trace    Trace^    Crit5%     p-value    p-value^
   4   0      0.2042    110.77    108.44     47.71  [0.000]**   [0.000]** 
   3   1      0.0997     45.68     44.85     29.80  [0.000]**   [0.000]** 
   2   2      0.0396     15.75     15.38     15.41  [0.044]*    [0.051]   
   1   3      0.0148      4.24      3.83      3.84  [0.039]*    [0.050]   
Trace^ and p-value^ incorporate the Bartlett small sample correction.

BOOTSTRAP OF THE TRACE TEST STATISTIC
Bootstrap sampling scheme  : Wild IIN[0,1]
Number of replications (B) : 399
Length of time series  (T) : 285
Starting from default seed : yes
Bootstrap time             : 0.94

Quantiles of the approximating Gamma distribution using bootstrapped means and variances:
 p-r   r    Mean    S.E. Reject%     50%     75%     80%     85%     90%     95%
   4   0  44.887  15.694    0.00   43.07   57.29   60.96   65.81   73.43   89.19
   3   1  26.081  11.511    0.00   24.41   34.96   37.76   41.49   47.44   59.99
   2   2  12.558   6.736    0.00   11.38   17.60   19.30   21.59   25.29   33.23
   1   3   3.319   2.448    0.00    2.74    5.02    5.68    6.59    8.09   11.44

I(1) ANALYSIS using the bootstrap:
 p-r   r  Eigenvalue     Trace    Crit5%   Crit*5%     p-value    p-value*
   4   0      0.2042    110.77     47.71     89.19  [0.000]**   [0.008]** 
   3   1      0.0997     45.68     29.80     59.99  [0.000]**   [0.075]   
   2   2      0.0396     15.75     15.41     33.23  [0.044]*    [0.246]   
   1   3      0.0148      4.24      3.84     11.44  [0.039]*    [0.308]   
Crit5% and p-value are the original values, Crit*5% and p-value* are based on the bootstrap

THE ROOTS OF THE COMPANION MATRIX:
  r=0 Re     Im   Mod  r=1 Re     Im   Mod  r=2 Re     Im   Mod  r=3 Re     Im   Mod  r=4 Re     Im   Mod
   1.000  0.000  1.00   1.000  0.000  1.00   1.000  0.000  1.00   1.000  0.000  1.00   0.972  0.000  0.97
   1.000  0.000  1.00   1.000  0.000  1.00   1.000  0.000  1.00   0.954  0.000  0.95   0.952  0.000  0.95
   1.000  0.000  1.00   1.000  0.000  1.00   0.799  0.000  0.80   0.799  0.000  0.80   0.799  0.000  0.80
   1.000  0.000  1.00   0.434 -0.137  0.46   0.438 -0.070  0.44   0.440 -0.072  0.45   0.447  0.078  0.45
   0.267  0.000  0.27   0.434  0.137  0.46   0.438  0.070  0.44   0.440  0.072  0.45   0.447 -0.078  0.45
  -0.207  0.000  0.21  -0.215  0.000  0.22  -0.183  0.000  0.18  -0.173  0.000  0.17  -0.169  0.000  0.17
  -0.087  0.017  0.09   0.008 -0.055  0.06   0.037 -0.052  0.06   0.031 -0.052  0.06   0.031  0.040  0.05
  -0.087 -0.017  0.09   0.008  0.055  0.06   0.037  0.052  0.06   0.031  0.052  0.06   0.031 -0.040  0.05

Specified restrictions:
	[beta]
	1 * * *
	[alpha]
INITIALIZING 1
it0     f=     31.74055020
ALPHA,BETA SWITCHING, eps=1e-09:
it1     f=     31.74055020  change=      0.0000 pi-change   2.466e-16  step=0.940461
Strong convergence
I(1) BFGS:
it0     f=      31.7405502 df= 2.632e-15 e1= 1.083e-16 e2= 2.260e-16 step=1
BFGS: Strong convergence
ALPHA,BETA SWITCHING, eps=1e-09:
it1     f=     31.74055020  change=      0.0000 pi-change   2.039e-16  step=0.940015
Strong convergence


UNRESTRICTED I(1) ESTIMATES:
	X_t  = A_1 X_{t-1} + ... + A_k X_{t-k} + rest + epsilon_t, epsilon_t ~ N(0,Omega),
	DX_t = Pi X_{t-1} + Gamma_1 DX_{t-1} + ... + Gamma_{k-1} DX_{t-k+1} + rest + epsilon_t.
	VAR model: Pi = alpha beta' where Pi is unrestricted.

beta', the normalized cointegrating vectors:
              lpim_BR_1ln_Selic_aa_1 ln_cambio_1  Dln_IPCA_1
     CVec(1)          1        3.05       0.335       -66.6 
     CVec(2)      0.123       0.216      0.0172           1 
     CVec(3)      0.109      -0.157     0.00783           1 
     CVec(4)      0.044     -0.0209      -0.171           1 

alpha, the loadings on the cointegrating vectors:
             alpha[][0]  alpha[][1]  alpha[][2]  alpha[][3]
    Dlpim_BR    -0.0305       -1.09      -0.266     -0.0405 
                {  -2.1}    {  -4.4}    {  -1.8}    {  -0.4}
Dln_Selic_aa    -0.0025      -0.195        0.16    -0.00557 
                {  -0.5}    {  -2.2}    {   3.1}    {  -0.2}
  Dln_cambio     0.0138      -0.216      0.0127       0.111 
                {   1.7}    {  -1.5}    {   0.2}    {   1.9}
   DDln_IPCA     0.0056    -0.00941     0.00148    -0.00319 
   {t-value}    {   8.0}    {  -0.8}    {   0.2}    {  -0.7}

Pi = alpha beta', the long-run coefficients:
              lpim_BR_1ln_Selic_aa_1 ln_cambio_1  Dln_IPCA_1
    Dlpim_BR     -0.196      -0.287     -0.0241       0.634 
                {  -3.7}    {  -2.9}    {  -1.0}    {   0.6}
Dln_Selic_aa   -0.00938     -0.0747    -0.00198       0.125 
                {  -0.5}    {  -2.1}    {  -0.2}    {   0.3}
  Dln_cambio   -0.00662    -0.00893     -0.0179       -1.02 
                {  -0.2}    {  -0.2}    {  -1.2}    {  -1.7}
   DDln_IPCA    0.00446      0.0149     0.00227      -0.384 
   {t-value}    {   2.3}    {   3.4}    {   1.9}    {  -5.7}

Residual correlations and standard errors:
                lpim_BR ln_Selic_aa   ln_cambio    Dln_IPCA
     lpim_BR          1 
 ln_Selic_aa     -0.155           1 
   ln_cambio    -0.0489      0.0629           1 
    Dln_IPCA    -0.0888       0.084     -0.0862           1 
        S.E.     0.0605      0.0214      0.0348     0.00292 

log-likelihood     2905.43848  -log|Omega|        31.7405502
-T/2log|Omega|     4523.02840
SC                -19.6750433  AIC               -20.1364104
no. of observations       285  no. of parameters          36
no. of dependent vars, p    4  with lag length             2
rank of Pi=alpha*beta', r   4  columns in beta, p1         4
no. of restrictions         0  identified                 No
estimation:       Switch+BFGS  Strong convergence
Constant/Trend:         DRIFT


---------------------------- CATS(10): I(1) VECM
The dataset is:              C:\Users\bteba\Documents\GitHub\Tese\Ox Metrics GVAR\Database\MacroVariables.in7
The estimation sample is:    1995(4) - 2018(12)
The dependent variables are: lpim_BR ln_Selic_aa ln_cambio Dln_IPCA
Unrestricted variables:      Constant
Deterministic specification: Unrestricted Constant (H_lc, CATS::DRIFT)


I(1) ESTIMATES FOR RANK 1:
	Z0_t = Pi Z1_t + Phi Z2_t + rest* + epsilon_t, epsilon_t ~ N(0,Omega),
	Z0_t = DX_t, Z1_t = X_{t-1} | W_t | D^r_{t-1}, Z2_t = differences | D^u_{t-1}.
	Cointegrated I(1) model: Pi = alpha beta' with rank r < p, alpha is (p x r), beta is (p_1 x r).

beta', the normalized cointegrating vectors:
              lpim_BR_1ln_Selic_aa_1 ln_cambio_1  Dln_IPCA_1
     CVec(1)     -0.015     -0.0457    -0.00503           1 
   {t-value}    {  -3.3}    {  -5.8}    {  -2.4}            

alpha, the loadings on the cointegrating vectors:
             alpha[][0]
    Dlpim_BR       2.03 
                {   2.0}
Dln_Selic_aa      0.166 
                {   0.5}
  Dln_cambio     -0.922 
                {  -1.6}
   DDln_IPCA     -0.373 
   {t-value}    {  -8.0}

Pi = alpha beta', the long-run coefficients:
              lpim_BR_1ln_Selic_aa_1 ln_cambio_1  Dln_IPCA_1
    Dlpim_BR    -0.0305      -0.093     -0.0102        2.03 
                {  -2.0}    {  -2.0}    {  -2.0}    {   2.0}
Dln_Selic_aa    -0.0025    -0.00761   -0.000837       0.166 
                {  -0.5}    {  -0.5}    {  -0.5}    {   0.5}
  Dln_cambio     0.0138      0.0422     0.00463      -0.922 
                {   1.6}    {   1.6}    {   1.6}    {  -1.6}
   DDln_IPCA     0.0056      0.0171     0.00188      -0.373 
   {t-value}    {   8.0}    {   8.0}    {   8.0}    {  -8.0}

Residual correlations and standard errors:
                lpim_BR ln_Selic_aa   ln_cambio    Dln_IPCA
     lpim_BR          1 
 ln_Selic_aa     -0.132           1 
   ln_cambio     -0.028      0.0725           1 
    Dln_IPCA    -0.0741      0.0903     -0.0854           1 
        S.E.     0.0629      0.0219      0.0352     0.00292 

log-likelihood     2882.59788  -log|Omega|        31.5802653
-T/2log|Omega|     4500.18781
SC                -19.6932581  AIC               -20.0392834
no. of observations       285  no. of parameters          27
no. of dependent vars, p    4  with lag length             2
rank of Pi=alpha*beta', r   1  columns in beta, p1         4
estimation:               RRR  Strong convergence
Constant/Trend:         DRIFT


Specified restrictions:
	[beta]
	1 * * *
	[alpha]
INITIALIZING 1
it0     f=     31.58026532
ALPHA,BETA SWITCHING, eps=1e-09:
it1     f=     31.58026532  change=   1.090e-16 pi-change   2.311e-16  step=0.920123
Strong convergence
I(1) BFGS:
it0     f=      31.5802653 df= 1.388e-15 e1= 1.241e-16 e2= 3.381e-17 step=1
BFGS: Strong convergence
ALPHA,BETA SWITCHING, eps=1e-09:
it1     f=     31.58026532  change=   1.090e-16 pi-change   3.466e-16  step=1.03881
Strong convergence


I(1) ESTIMATES FOR RANK 1:
	Z0_t = Pi Z1_t + Phi Z2_t + rest* + epsilon_t, epsilon_t ~ N(0,Omega),
	Z0_t = DX_t, Z1_t = X_{t-1} | W_t | D^r_{t-1}, Z2_t = differences | D^u_{t-1}.
	Cointegrated I(1) model: Pi = alpha beta' with rank r < p, alpha is (p x r), beta is (p_1 x r).

beta', the normalized cointegrating vectors:
              lpim_BR_1ln_Selic_aa_1 ln_cambio_1  Dln_IPCA_1
     CVec(1)          1        3.05       0.335       -66.6 
   {t-value}                {   7.2}    {   2.4}    {  -8.2}

alpha, the loadings on the cointegrating vectors:
             alpha[][0]
    Dlpim_BR    -0.0305 
                {  -2.0}
Dln_Selic_aa    -0.0025 
                {  -0.5}
  Dln_cambio     0.0138 
                {   1.6}
   DDln_IPCA     0.0056 
   {t-value}    {   8.0}

Pi = alpha beta', the long-run coefficients:
              lpim_BR_1ln_Selic_aa_1 ln_cambio_1  Dln_IPCA_1
    Dlpim_BR    -0.0305      -0.093     -0.0102        2.03 
                {  -2.0}    {  -1.9}    {  -1.5}    {   2.0}
Dln_Selic_aa    -0.0025    -0.00761   -0.000837       0.166 
                {  -0.5}    {  -0.5}    {  -0.5}    {   0.5}
  Dln_cambio     0.0138      0.0422     0.00463      -0.922 
                {   1.6}    {   1.6}    {   1.3}    {  -1.6}
   DDln_IPCA     0.0056      0.0171     0.00188      -0.373 
   {t-value}    {   8.0}    {   5.4}    {   2.3}    {  -5.7}

Residual correlations and standard errors:
                lpim_BR ln_Selic_aa   ln_cambio    Dln_IPCA
     lpim_BR          1 
 ln_Selic_aa     -0.132           1 
   ln_cambio     -0.028      0.0725           1 
    Dln_IPCA    -0.0741      0.0903     -0.0854           1 
        S.E.     0.0629      0.0219      0.0352     0.00292 

log-likelihood     2882.59788  -log|Omega|        31.5802653
-T/2log|Omega|     4500.18781
SC                -19.6932581  AIC               -20.0392834
no. of observations       285  no. of parameters          27
no. of dependent vars, p    4  with lag length             2
rank of Pi=alpha*beta', r   1  columns in beta, p1         4
no. of restrictions         0  identified                Yes
estimation:       Switch+BFGS  Strong convergence
Constant/Trend:         DRIFT

BASEDEBUG_8_Fulldatabase.in7 loaded from C:\Users\bteba\Documents\GitHub\Tese\Ox Metrics GVAR\Ox Scripts\BASEDEBUG_8_Fulldatabase.in7

BASEDEBUG_8_Fulldatabase.in7 loaded from C:\Users\bteba\Documents\GitHub\Tese\Ox Metrics GVAR\Ox Scripts\BASEDEBUG_8_Fulldatabase.in7


Ox Professional version 8.00 (Windows_64/U) (C) J.A. Doornik, 1994-2018
CATS package version 3.00, object created on 25-04-2021

---- CATS 3.00 session started at 17:08:03 on 25-04-2021 ----
*** Warning: Z_2 is badly scaled
*** Warning: z_1 is badly scaled
*** Warning: Z_3 is badly scaled

---------------------------- CATS( 1): I(1) VECM
The dataset is:              C:\Users\bteba\Documents\GitHub\Tese\Ox Metrics GVAR\Database\MacroVariables.in7
The estimation sample is:    1996(3) - 2018(12)
The dependent variables are: lpim_BR ln_Selic_aa Dln_IPCA EmpLiq
Unrestricted variables:      CSeason CSeason_1 CSeason_2 CSeason_3 CSeason_4 CSeason_5 CSeason_6 CSeason_7 CSeason_8 CSeason_9 CSeason_10 Constant
Deterministic specification: Unrestricted Constant (H_lc, CATS::DRIFT)


UNRESTRICTED I(1) ESTIMATES:
	X_t  = A_1 X_{t-1} + ... + A_k X_{t-k} + rest + epsilon_t, epsilon_t ~ N(0,Omega),
	DX_t = Pi X_{t-1} + Gamma_1 DX_{t-1} + ... + Gamma_{k-1} DX_{t-k+1} + rest + epsilon_t.
	VAR model: Pi = alpha beta' where Pi is unrestricted.

beta', the normalized cointegrating vectors:
              lpim_BR_1ln_Selic_aa_1  Dln_IPCA_1    EmpLiq_1
     CVec(1)  -3.42e+05   -2.86e+05    2.74e+07           1 
     CVec(2)     0.0686        0.11           1    -5.6e-08 
     CVec(3)      0.427           1       -8.38    1.74e-10 
     CVec(4)      -2.09           1         -17    5.52e-07 

alpha, the loadings on the cointegrating vectors:
             alpha[][0]  alpha[][1]  alpha[][2]  alpha[][3]
    Dlpim_BR   4.21e-08      -0.703     -0.0339     0.00638 
                {   2.5}    {  -2.5}    {  -0.7}    {   1.2}
Dln_Selic_aa  -1.63e-09      -0.262     -0.0586    -0.00488 
                {  -0.1}    {  -1.4}    {  -1.9}    {  -1.4}
   DDln_IPCA  -4.66e-09     -0.0995     0.00815   -0.000151 
                {  -2.5}    {  -3.1}    {   1.6}    {  -0.3}
     DEmpLiq     -0.169   -3.29e+05   -3.09e+05    2.68e+04 
   {t-value}    {  -2.6}    {  -0.3}    {  -1.7}    {   1.3}

Pi = alpha beta', the long-run coefficients:
              lpim_BR_1ln_Selic_aa_1  Dln_IPCA_1    EmpLiq_1
    Dlpim_BR    -0.0904      -0.117       0.624     8.5e-08 
                {  -3.0}    {  -2.1}    {   0.9}    {   3.6}
Dln_Selic_aa    -0.0322     -0.0917       0.267    1.03e-08 
                {  -1.6}    {  -2.4}    {   0.6}    {   0.7}
   DDln_IPCA   -0.00144    -0.00158      -0.293     8.3e-10 
                {  -0.4}    {  -0.3}    {  -3.9}    {   0.3}
     DEmpLiq  -1.53e+05    -2.7e+05   -2.81e+06      -0.136 
   {t-value}    {  -1.3}    {  -1.2}    {  -1.1}    {  -1.5}

Residual correlations and standard errors:
                lpim_BR ln_Selic_aa    Dln_IPCA      EmpLiq
     lpim_BR          1 
 ln_Selic_aa     -0.181           1 
    Dln_IPCA     -0.017      0.0536           1 
      EmpLiq      0.375       -0.17     -0.0782           1 
        S.E.     0.0227       0.015      0.0025    8.83e+04 

log-likelihood    -818.886418  -log|Omega|        5.37423514
-T/2log|Omega|     736.270214
SC                 11.2216556  AIC                7.84588626
no. of observations       274  no. of parameters         256
no. of dependent vars, p    4  with lag length            13
rank of Pi=alpha*beta', r   4  columns in beta, p1         4
estimation:               RRR  Strong convergence
Constant/Trend:         DRIFT  Seasonal dummies           11


I(1) ANALYSIS:
 p-r   r  Eigenvalue     Trace    Trace^    Crit5%     p-value    p-value^
   4   0      0.0948     59.54     54.68     47.71  [0.002]**   [0.009]** 
   3   1      0.0653     32.26     26.99     29.80  [0.025]*    [0.104]   
   2   2      0.0362     13.76     11.37     15.41  [0.089]     [0.193]   
   1   3      0.0133      3.66      2.99      3.84  [0.056]     [0.084]   
Trace^ and p-value^ incorporate the Bartlett small sample correction.

BOOTSTRAP OF THE TRACE TEST STATISTIC
Bootstrap sampling scheme  : Wild IIN[0,1]
Number of replications (B) : 399
Length of time series  (T) : 274
Starting from default seed : yes
Bootstrap time             : 11.39

Quantiles of the approximating Gamma distribution using bootstrapped means and variances:
 p-r   r    Mean    S.E. Reject%     50%     75%     80%     85%     90%     95%
   4   0  40.804   9.432    0.00   40.08   48.46   50.55   53.26   57.46   65.89
   3   1  25.231   6.988    0.00   24.59   30.85   32.43   34.50   37.72   44.26
   2   2  12.714   5.708    0.00   11.87   17.11   18.50   20.36   23.32   29.59
   1   3   4.119   3.719    0.00    3.07    6.51    7.56    9.02   11.49   17.15

I(1) ANALYSIS using the bootstrap:
 p-r   r  Eigenvalue     Trace    Crit5%   Crit*5%     p-value    p-value*
   4   0      0.0948     59.54     47.71     65.89  [0.002]**   [0.050]   
   3   1      0.0653     32.26     29.80     44.26  [0.025]*    [0.170]   
   2   2      0.0362     13.76     15.41     29.59  [0.089]     [0.356]   
   1   3      0.0133      3.66      3.84     17.15  [0.056]     [0.459]   
Crit5% and p-value are the original values, Crit*5% and p-value* are based on the bootstrap

THE ROOTS OF THE COMPANION MATRIX:
  r=0 Re     Im   Mod  r=1 Re     Im   Mod  r=2 Re     Im   Mod  r=3 Re     Im   Mod  r=4 Re     Im   Mod
   1.000  0.000  1.00   1.000  0.000  1.00   1.000  0.000  1.00   1.000  0.000  1.00   0.981  0.014  0.98
   1.000  0.000  1.00   1.000  0.000  1.00   1.000  0.000  1.00   0.496 -0.846  0.98   0.981 -0.014  0.98
   1.000  0.000  1.00   1.000  0.000  1.00   0.496  0.846  0.98   0.496  0.846  0.98   0.497  0.846  0.98
   1.000  0.000  1.00   0.496  0.846  0.98   0.496 -0.846  0.98  -0.491 -0.844  0.98   0.497 -0.846  0.98
   0.496  0.845  0.98   0.496 -0.846  0.98  -0.491 -0.844  0.98  -0.491  0.844  0.98  -0.491  0.844  0.98
   0.496 -0.845  0.98  -0.491 -0.844  0.98  -0.491  0.844  0.98  -0.973  0.000  0.97  -0.491 -0.844  0.98
  -0.492  0.842  0.98  -0.491  0.844  0.98  -0.973  0.000  0.97   0.001  0.972  0.97  -0.973  0.000  0.97
  -0.492 -0.842  0.98  -0.974  0.000  0.97   0.000 -0.972  0.97   0.001 -0.972  0.97   0.001 -0.972  0.97
  -0.975  0.000  0.97   0.000 -0.972  0.97   0.000  0.972  0.97  -0.845 -0.475  0.97   0.001  0.972  0.97
  -0.000 -0.971  0.97   0.000  0.972  0.97  -0.845 -0.475  0.97  -0.845  0.475  0.97  -0.845  0.475  0.97
  -0.000  0.971  0.97  -0.845 -0.475  0.97  -0.845  0.475  0.97   0.968  0.000  0.97  -0.845 -0.475  0.97
  -0.846 -0.474  0.97  -0.845  0.475  0.97   0.816 -0.501  0.96   0.818  0.503  0.96   0.818  0.502  0.96
  -0.846  0.474  0.97   0.816 -0.503  0.96   0.816  0.501  0.96   0.818 -0.503  0.96   0.818 -0.502  0.96
   0.812  0.498  0.95   0.816  0.503  0.96   0.951  0.000  0.95  -0.527 -0.760  0.92  -0.527  0.760  0.92
   0.812 -0.498  0.95   0.946  0.000  0.95  -0.527 -0.759  0.92  -0.527  0.760  0.92  -0.527 -0.760  0.92
  -0.530 -0.758  0.92  -0.529 -0.757  0.92  -0.527  0.759  0.92   0.300 -0.867  0.92   0.299  0.867  0.92
  -0.530  0.758  0.92  -0.529  0.757  0.92   0.299 -0.870  0.92   0.300  0.867  0.92   0.299 -0.867  0.92
   0.300 -0.869  0.92   0.301 -0.869  0.92   0.299  0.870  0.92   0.760  0.474  0.90   0.902  0.000  0.90
   0.300  0.869  0.92   0.301  0.869  0.92   0.766 -0.467  0.90   0.760 -0.474  0.90  -0.572  0.687  0.89
  -0.570  0.688  0.89   0.767  0.463  0.90   0.766  0.467  0.90  -0.571  0.687  0.89  -0.572 -0.687  0.89
  -0.570 -0.688  0.89   0.767 -0.463  0.90  -0.869  0.213  0.89  -0.571 -0.687  0.89  -0.868 -0.213  0.89
  -0.865 -0.210  0.89  -0.572  0.688  0.89  -0.869 -0.213  0.89  -0.867 -0.213  0.89  -0.868  0.213  0.89
  -0.865  0.210  0.89  -0.572 -0.688  0.89  -0.574 -0.685  0.89  -0.867  0.213  0.89   0.758  0.472  0.89
   0.767  0.450  0.89  -0.868  0.212  0.89  -0.574  0.685  0.89  -0.320  0.819  0.88   0.758 -0.472  0.89
   0.767 -0.450  0.89  -0.868 -0.212  0.89  -0.322  0.820  0.88  -0.320 -0.819  0.88  -0.320  0.820  0.88
  -0.319 -0.821  0.88  -0.881  0.000  0.88  -0.322 -0.820  0.88   0.206  0.855  0.88  -0.320 -0.820  0.88
  -0.319  0.821  0.88   0.216  0.853  0.88   0.205  0.855  0.88   0.206 -0.855  0.88   0.206  0.855  0.88
  -0.880  0.000  0.88   0.216 -0.853  0.88   0.205 -0.855  0.88  -0.876  0.000  0.88   0.206 -0.855  0.88
   0.220  0.852  0.88  -0.323 -0.817  0.88  -0.877  0.000  0.88   0.872 -0.013  0.87  -0.876  0.000  0.88
   0.220 -0.852  0.88  -0.323  0.817  0.88   0.871  0.000  0.87   0.872  0.013  0.87  -0.016  0.861  0.86
   0.836 -0.214  0.86   0.846  0.225  0.88  -0.011 -0.858  0.86  -0.017 -0.862  0.86  -0.016 -0.861  0.86
   0.836  0.214  0.86   0.846 -0.225  0.88  -0.011  0.858  0.86  -0.017  0.862  0.86  -0.707 -0.483  0.86
  -0.714 -0.484  0.86  -0.716  0.484  0.86  -0.706  0.483  0.86  -0.707  0.483  0.86  -0.707  0.483  0.86
  -0.714  0.484  0.86  -0.716 -0.484  0.86  -0.706 -0.483  0.86  -0.707 -0.483  0.86   0.804 -0.261  0.85
   0.002  0.849  0.85  -0.007 -0.855  0.85   0.794 -0.264  0.84   0.792  0.260  0.83   0.804  0.261  0.85
   0.002 -0.849  0.85  -0.007  0.855  0.85   0.794  0.264  0.84   0.792 -0.260  0.83  -0.746 -0.357  0.83
  -0.226 -0.798  0.83  -0.232  0.795  0.83  -0.745 -0.356  0.83  -0.746  0.358  0.83  -0.746  0.357  0.83
  -0.226  0.798  0.83  -0.232 -0.795  0.83  -0.745  0.356  0.83  -0.746 -0.358  0.83  -0.239 -0.779  0.81
  -0.740 -0.346  0.82  -0.741  0.351  0.82  -0.236 -0.787  0.82  -0.238 -0.779  0.81  -0.239  0.779  0.81
  -0.740  0.346  0.82  -0.741 -0.351  0.82  -0.236  0.787  0.82  -0.238  0.779  0.81   0.532 -0.615  0.81
   0.607  0.533  0.81   0.606  0.547  0.82   0.528  0.617  0.81   0.531 -0.615  0.81   0.532  0.615  0.81
   0.607 -0.533  0.81   0.606 -0.547  0.82   0.528 -0.617  0.81   0.531  0.615  0.81   0.605 -0.518  0.80
  -0.736  0.000  0.74  -0.758  0.000  0.76   0.596  0.521  0.79   0.611  0.520  0.80   0.605  0.518  0.80
   0.484 -0.551  0.73   0.483 -0.576  0.75   0.596 -0.521  0.79   0.611 -0.520  0.80   0.788  0.041  0.79
   0.484  0.551  0.73   0.483  0.576  0.75   0.752 -0.212  0.78   0.769  0.173  0.79   0.788 -0.041  0.79
   0.629 -0.271  0.68   0.639  0.253  0.69   0.752  0.212  0.78   0.769 -0.173  0.79  -0.763  0.000  0.76
   0.629  0.271  0.68   0.639 -0.253  0.69  -0.758  0.000  0.76  -0.764  0.000  0.76   0.282  0.683  0.74
   0.554 -0.354  0.66   0.247 -0.612  0.66   0.277 -0.655  0.71   0.284 -0.684  0.74   0.282 -0.683  0.74
   0.554  0.354  0.66   0.247  0.612  0.66   0.277  0.655  0.71   0.284  0.684  0.74   0.709 -0.194  0.74
   0.266  0.594  0.65   0.554  0.338  0.65   0.487  0.193  0.52   0.617  0.000  0.62   0.709  0.194  0.74
   0.266 -0.594  0.65   0.554 -0.338  0.65   0.487 -0.193  0.52   0.335  0.000  0.33   0.335  0.000  0.34
  -0.224  0.000  0.22  -0.206  0.000  0.21  -0.241  0.000  0.24  -0.217  0.000  0.22  -0.225  0.000  0.23
*** Warning: Z_2 is badly scaled
*** Warning: z_1 is badly scaled
*** Warning: Z_3 is badly scaled

---------------------------- CATS( 2): I(1) VECM
The dataset is:              C:\Users\bteba\Documents\GitHub\Tese\Ox Metrics GVAR\Database\MacroVariables.in7
The estimation sample is:    1996(3) - 2018(12)
The dependent variables are: lpim_BR ln_Selic_aa Dln_IPCA EmpLiq
Unrestricted variables:      CSeason CSeason_1 CSeason_2 CSeason_3 CSeason_4 CSeason_5 CSeason_6 CSeason_7 CSeason_8 CSeason_9 CSeason_10 Constant
Deterministic specification: Unrestricted Constant (H_lc, CATS::DRIFT)


I(1) ESTIMATES FOR RANK 1:
	Z0_t = Pi Z1_t + Phi Z2_t + rest* + epsilon_t, epsilon_t ~ N(0,Omega),
	Z0_t = DX_t, Z1_t = X_{t-1} | W_t | D^r_{t-1}, Z2_t = differences | D^u_{t-1}.
	Cointegrated I(1) model: Pi = alpha beta' with rank r < p, alpha is (p x r), beta is (p_1 x r).
Warning: invertsym: decomposition failed
(2887): BetaStdErrors

beta', the normalized cointegrating vectors:
              lpim_BR_1ln_Selic_aa_1  Dln_IPCA_1    EmpLiq_1
     CVec(1)  -3.42e+05   -2.86e+05    2.74e+07           1 

alpha, the loadings on the cointegrating vectors:
             alpha[][0]
    Dlpim_BR   4.21e-08 
                {   2.5}
Dln_Selic_aa  -1.63e-09 
                {  -0.1}
   DDln_IPCA  -4.66e-09 
                {  -2.5}
     DEmpLiq     -0.169 
   {t-value}    {  -2.6}

Pi = alpha beta', the long-run coefficients:
              lpim_BR_1ln_Selic_aa_1  Dln_IPCA_1    EmpLiq_1
    Dlpim_BR    -0.0144      -0.012        1.15    4.21e-08 
                {  -2.5}    {  -2.5}    {   2.5}    {   2.5}
Dln_Selic_aa   0.000559    0.000467     -0.0447   -1.63e-09 
                {   0.1}    {   0.1}    {  -0.1}    {  -0.1}
   DDln_IPCA    0.00159     0.00133      -0.127   -4.66e-09 
                {   2.5}    {   2.5}    {  -2.5}    {  -2.5}
     DEmpLiq   5.77e+04    4.83e+04   -4.62e+06      -0.169 
   {t-value}    {   2.6}    {   2.6}    {  -2.6}    {  -2.6}

Residual correlations and standard errors:
                lpim_BR ln_Selic_aa    Dln_IPCA      EmpLiq
     lpim_BR          1 
 ln_Selic_aa     -0.165           1 
    Dln_IPCA    0.00567      0.0579           1 
      EmpLiq      0.379       -0.16     -0.0832           1 
        S.E.      0.023      0.0152     0.00256    8.91e+04 

log-likelihood    -835.014305  -log|Omega|        5.25651334
-T/2log|Omega|     720.142327
SC                 11.1550046  AIC                7.89791463
no. of observations       274  no. of parameters         247
no. of dependent vars, p    4  with lag length            13
rank of Pi=alpha*beta', r   1  columns in beta, p1         4
estimation:               RRR  Strong convergence
Constant/Trend:         DRIFT  Seasonal dummies           11


Specified restrictions:
	[beta]
	0 0 0 1
	[alpha]
INITIALIZING 20
it0     f=     5.220803625
ALPHA,BETA SWITCHING, eps=1e-09:
it1     f=     5.220803625  change=      0.0000 pi-change   2.344e-17  step=0.520732
Strong convergence
I(1) BFGS:
it0     f=      5.22080363 df= 2.050e-10 e1= 8.200e-12 e2= 1.240e-17 step=1
BFGS: Strong convergence
ALPHA,BETA SWITCHING, eps=1e-09:
it1     f=     5.220803625  change=      0.0000 pi-change   2.344e-17  step=1.97887
Strong convergence


RESTRICTED I(1) ESTIMATES FOR RANK 1:
	Z0_t = Pi Z1_t + Phi Z2_t + rest* + epsilon_t, epsilon_t ~ N(0,Omega),
	Z0_t = DX_t, Z1_t = X_{t-1} | W_t | D^r_{t-1}, Z2_t = differences | D^u_{t-1}.
	Cointegrated I(1) model: Pi = alpha beta' with rank r < p, alpha is (p x r), beta is (p_1 x r).
	Restrictions:  beta=(H_1 phi_1, H_2 phi_2, ...)

beta', the normalized cointegrating vectors:
              lpim_BR_1ln_Selic_aa_1  Dln_IPCA_1    EmpLiq_1
     CVec(1)          0           0           0           1 
   {t-value}                                                

alpha, the loadings on the cointegrating vectors:
             alpha[][0]
    Dlpim_BR   3.35e-08 
                {   2.1}
Dln_Selic_aa      4e-09 
                {   0.4}
   DDln_IPCA   1.58e-09 
                {   0.8}
     DEmpLiq     -0.184 
   {t-value}    {< -900}

Pi = alpha beta', the long-run coefficients:
              lpim_BR_1ln_Selic_aa_1  Dln_IPCA_1    EmpLiq_1
    Dlpim_BR          0           0           0    3.35e-08 
                {     0}    {     0}    {     0}    {   0.9}
Dln_Selic_aa          0           0           0       4e-09 
                {     0}    {     0}    {     0}    {   0.3}
   DDln_IPCA          0           0           0    1.58e-09 
                {     0}    {     0}    {     0}    {   0.6}
     DEmpLiq          0           0           0      -0.184 
   {t-value}    {     0}    {     0}    {     0}    {  -1.0}

Residual correlations and standard errors:
                lpim_BR ln_Selic_aa    Dln_IPCA      EmpLiq
     lpim_BR          1 
 ln_Selic_aa     -0.168           1 
    Dln_IPCA    -0.0221      0.0576           1 
      EmpLiq      0.374      -0.155     -0.0515           1 
        S.E.     0.0231      0.0152     0.00259     8.9e+04 

log-likelihood    -839.906536  -log|Omega|        5.22080363
-T/2log|Omega|     715.250097
SC                 11.1292567  AIC                7.91172654
no. of observations       274  no. of parameters         244
no. of dependent vars, p    4  with lag length            13
rank of Pi=alpha*beta', r   1  columns in beta, p1         4
no. of restrictions         3  identified                Yes
estimation:       Switch+BFGS  Strong convergence
Constant/Trend:         DRIFT  Seasonal dummies           11


Restrictions on columns of beta:
	CVec(1) 	    0     0     0     1 
Test of restrictions on beta:            Chi^2(3)  =   9.7845 [0.0205]* 


BOOTSTRAP OF RESTRICTIONS TEST
Bootstrap sampling scheme  : Wild IIN[0,1]
Number of replications (B) : 199
Length of time series  (T) : 274
Starting from default seed : yes
Runtime error: '[-1][] in matrix[4][1]' index out of range
Runtime error occurred in ApplyColumnScale (1250), call trace: 
(1250): ApplyColumnScale
(3190): DoUpdateEstimates_I1
(6647): RestrictAlphaBeta
(11282): RestrictAlphaBeta
(4399): BootstrapRestrictions
(577): DoImposeRestrictionsDlg
(1039): ReceiveMenuChoice
Runtime error: in callback function

Specified restrictions:
	[beta]
	0 0 0 1
	[alpha]
	* 0 0 0
INITIALIZING 20
it0     f=     5.192225432
ALPHA,BETA SWITCHING, eps=1e-09:
it1     f=     5.192225434  change=   3.940e-10 pi-change   1.406e-11
Strong convergence
I(1) BFGS:
it0     f=      5.19222543 df=    0.3038 e1=   0.07594 e2= 1.785e-08 step=1
it11    f=      5.19222543 df=     21.21 e1=     5.303 e2=     8.484 step=7.105e-15
BFGS: No convergence (no improvement in line search)
ALPHA,BETA SWITCHING, eps=1e-09:
it1     f=     5.192225434  change=      0.0000 pi-change   7.760e-13  step=0
Weak convergence (no improvement in line search)


RESTRICTED I(1) ESTIMATES FOR RANK 1:
	Z0_t = Pi Z1_t + Phi Z2_t + rest* + epsilon_t, epsilon_t ~ N(0,Omega),
	Z0_t = DX_t, Z1_t = X_{t-1} | W_t | D^r_{t-1}, Z2_t = differences | D^u_{t-1}.
	Cointegrated I(1) model: Pi = alpha beta' with rank r < p, alpha is (p x r), beta is (p_1 x r).
	Restrictions: alpha = G theta beta=(H_1 phi_1, H_2 phi_2, ...)

beta', the normalized cointegrating vectors:
              lpim_BR_1ln_Selic_aa_1  Dln_IPCA_1    EmpLiq_1
     CVec(1)          0           0           0           1 
   {t-value}                                                

alpha, the loadings on the cointegrating vectors:
             alpha[][0]
    Dlpim_BR          0 
                {     0}
Dln_Selic_aa          0 
                        
   DDln_IPCA          0 
                        
     DEmpLiq          0 
   {t-value}            

Pi = alpha beta', the long-run coefficients:
              lpim_BR_1ln_Selic_aa_1  Dln_IPCA_1    EmpLiq_1
    Dlpim_BR          0           0           0           0 
                {     0}    {     0}    {     0}    {     0}
Dln_Selic_aa          0           0           0           0 
                                                            
   DDln_IPCA          0           0           0           0 
                                                            
     DEmpLiq          0           0           0           0 
   {t-value}                                                

Residual correlations and standard errors:
                lpim_BR ln_Selic_aa    Dln_IPCA      EmpLiq
     lpim_BR          1 
 ln_Selic_aa     -0.169           1 
    Dln_IPCA     -0.025      0.0586           1 
      EmpLiq      0.378      -0.157     -0.0587           1 
        S.E.     0.0232      0.0152     0.00259    9.02e+04 

log-likelihood    -843.821748  -log|Omega|        5.19222543
-T/2log|Omega|     711.334885
SC                 11.0963773  AIC                7.91840692
no. of observations       274  no. of parameters         241
no. of dependent vars, p    4  with lag length            13
rank of Pi=alpha*beta', r   1  columns in beta, p1         4
no. of restrictions         6  identified                Yes
estimation:       Switch+BFGS  Weak convergence
Constant/Trend:         DRIFT  Seasonal dummies           11


Restrictions on columns of beta:
	CVec(1) 	    0     0     0     1 
Restrictions on columns of alpha:
	alpha[][0]	    *     0     0     0 
Test of restrictions on alpha and beta:  Chi^2(6)  =   17.615 [0.0073]**


Specified restrictions:
	[beta]
	0 0 0 1
	[alpha]
	0 0 0 *
INITIALIZING 20
it0     f=     5.203459933
ALPHA,BETA SWITCHING, eps=1e-09:
it1     f=     5.203459933  change=   1.944e-13 pi-change   1.010e-05  step=1.00029
Strong convergence
I(1) BFGS:
it0     f=      5.20345993 df= 1.449e-10 e1= 6.898e-11 e2= 2.797e-11 step=1
BFGS: Strong convergence
ALPHA,BETA SWITCHING, eps=1e-09:
it1     f=     5.203459933  change=      0.0000 pi-change   5.064e-11  step=0
Weak convergence (no improvement in line search)


RESTRICTED I(1) ESTIMATES FOR RANK 1:
	Z0_t = Pi Z1_t + Phi Z2_t + rest* + epsilon_t, epsilon_t ~ N(0,Omega),
	Z0_t = DX_t, Z1_t = X_{t-1} | W_t | D^r_{t-1}, Z2_t = differences | D^u_{t-1}.
	Cointegrated I(1) model: Pi = alpha beta' with rank r < p, alpha is (p x r), beta is (p_1 x r).
	Restrictions: alpha = G theta beta=(H_1 phi_1, H_2 phi_2, ...)

beta', the normalized cointegrating vectors:
              lpim_BR_1ln_Selic_aa_1  Dln_IPCA_1    EmpLiq_1
     CVec(1)          0           0           0           1 
   {t-value}                                                

alpha, the loadings on the cointegrating vectors:
             alpha[][0]
    Dlpim_BR          0 
                        
Dln_Selic_aa          0 
                        
   DDln_IPCA          0 
                        
     DEmpLiq     -0.226 
   {t-value}    {  -3.6}

Pi = alpha beta', the long-run coefficients:
              lpim_BR_1ln_Selic_aa_1  Dln_IPCA_1    EmpLiq_1
    Dlpim_BR          0           0           0           0 
                                                            
Dln_Selic_aa          0           0           0           0 
                                                            
   DDln_IPCA          0           0           0           0 
                                                            
     DEmpLiq          0           0           0      -0.226 
   {t-value}    {     0}    {     0}    {     0}    {  -1.0}

Residual correlations and standard errors:
                lpim_BR ln_Selic_aa    Dln_IPCA      EmpLiq
     lpim_BR          1 
 ln_Selic_aa     -0.164           1 
    Dln_IPCA    -0.0163      0.0586           1 
      EmpLiq      0.376      -0.155     -0.0496           1 
        S.E.     0.0233      0.0152     0.00259     8.9e+04 

log-likelihood    -842.282622  -log|Omega|        5.20345993
-T/2log|Omega|     712.874011
SC                 11.0851428  AIC                7.90717242
no. of observations       274  no. of parameters         241
no. of dependent vars, p    4  with lag length            13
rank of Pi=alpha*beta', r   1  columns in beta, p1         4
no. of restrictions         6  identified                Yes
estimation:       Switch+BFGS  Weak convergence
Constant/Trend:         DRIFT  Seasonal dummies           11


Restrictions on columns of beta:
	CVec(1) 	    0     0     0     1 
Restrictions on columns of alpha:
	alpha[][0]	    0     0     0     * 
Test of restrictions on alpha and beta:  Chi^2(6)  =   14.537 [0.0242]* 

