--------------- Ox at 16:05:09 on 23-May-2021 ---------------

Ox Professional version 8.00 (Windows_64/U/MT) (C) J.A. Doornik, 1994-2018
******************************************
------------------------------------------
	Configuracao de variaveis
------------------------------------------

REGIOES
	Quantidade de lags: 13
	Quantidade de Regioes: 552

DATABASE
	Macrovariaveis: ../Database/MacroVariables.in7
	Regioes: ../Database/DatabaseDesAdm_RA_v1.csv

DIRETORIOS
	W Matrix Dir: ./mat_files/W_Matrix/
	Cointeration Matrix Dir: ./mat_files/Cointegration/
	Raw Matrix Dir: ./mat_files/RawMatrix/
	A Matrix Dir: ./mat_files/A_Matrix/
	G Matrix Dir: ./mat_files/G_Matrix/
	Result Matrix Dir: ./mat_files/Result_Matrix/
******************************************
>>> Inicio da estimacao do modelo de macrovariaveis


*****************************************
             Macrovariaveis 
*****************************************

Carregando dados das variaveis exogenas
Carregando base de dados com informacoes regionais
Construindo variaveis X_Adm e X_Des
Concluido construcao das variaveis X_Adm e X_Des
Construindo acumulado Net (X_Adm - X_Des)
Salvando matriz W_w para ser utilizada depois
Inicio um nomo objeto do tipo PcGive referente a macrovariaveis
PcGive package version 15.0, object created on 23-05-2021
(C) Jurgen A Doornik - requires a licensed version of PcGive Professional
Carregando base de dados de macrovariaveis
Iniciando construcao da variavel Delta para variaveis
Adicionado Diff da variavel: lpim_BR
Adicionado Diff da variavel: ln_Selic_aa
Adicionado Diff da variavel: Dln_IPCA
Adicionando variavel mX
Adicionando variavel D_mX 
Model Sample: 1996(4) - 2018(12)
Processo IIS desligado para esta regiao

*** Warning: diagonal elements of the second moment matrix are very small or very different.
Numerical accuracy is endangered, try rescaling the data.

SYS( 1) Estimating the system by OLS
        The dataset is: ../Database/MacroVariables.in7
        The estimation sample is: 1996(4) - 2018(12)

URF equation for: D_lpim_BR
                    Coefficient  Std.Error  t-value  t-prob
D_lpim_BR_1           -0.552922    0.07225    -7.65  0.0000
D_lpim_BR_2           -0.298771    0.08304    -3.60  0.0004
D_lpim_BR_3          -0.0937338    0.08377    -1.12  0.2645
D_lpim_BR_4           -0.291572    0.08402    -3.47  0.0006
D_lpim_BR_5           -0.237137    0.08482    -2.80  0.0057
D_lpim_BR_6          -0.0889989    0.08436    -1.05  0.2927
D_lpim_BR_7           -0.239200    0.08171    -2.93  0.0038
D_lpim_BR_8           -0.132301    0.08216    -1.61  0.1088
D_lpim_BR_9          0.00883266    0.08099    0.109  0.9133
D_lpim_BR_10          -0.143695    0.07847    -1.83  0.0685
D_lpim_BR_11         -0.0601072    0.07518   -0.800  0.4249
D_lpim_BR_12         -0.0786050    0.07404    -1.06  0.2896
D_lpim_BR_13           0.131357    0.06883     1.91  0.0577
D_ln_Selic_aa_1       -0.305586     0.1048    -2.91  0.0039
D_ln_Selic_aa_2       -0.121568     0.1057    -1.15  0.2515
D_ln_Selic_aa_3      -0.0934499     0.1032   -0.905  0.3663
D_ln_Selic_aa_4       -0.158471     0.1019    -1.55  0.1215
D_ln_Selic_aa_5      -0.0930461     0.1025   -0.908  0.3649
D_ln_Selic_aa_6      -0.0425747     0.1015   -0.419  0.6755
D_ln_Selic_aa_7        0.107186    0.09918     1.08  0.2811
D_ln_Selic_aa_8       0.0140442    0.09981    0.141  0.8882
D_ln_Selic_aa_9       -0.127993    0.09885    -1.29  0.1968
D_ln_Selic_aa_10      0.0188641    0.09804    0.192  0.8476
D_ln_Selic_aa_11     -0.0604095    0.09179   -0.658  0.5112
D_ln_Selic_aa_12      0.0115797    0.08599    0.135  0.8930
D_ln_Selic_aa_13     -0.0975949    0.08452    -1.15  0.2495
D_Dln_IPCA_1            1.55098     0.6063     2.56  0.0112
D_Dln_IPCA_2           0.664989     0.6314     1.05  0.2934
D_Dln_IPCA_3           0.599786     0.6604    0.908  0.3648
D_Dln_IPCA_4           0.290838     0.6678    0.436  0.6636
D_Dln_IPCA_5           0.317857     0.6726    0.473  0.6370
D_Dln_IPCA_6         -0.0247113     0.6846  -0.0361  0.9712
D_Dln_IPCA_7          -0.633890     0.6985   -0.908  0.3652
D_Dln_IPCA_8        0.000814876     0.6968  0.00117  0.9991
D_Dln_IPCA_9           -1.00076     0.6868    -1.46  0.1466
D_Dln_IPCA_10          0.174647     0.6880    0.254  0.7999
D_Dln_IPCA_11          0.128975     0.6619    0.195  0.8457
D_Dln_IPCA_12         -0.897097     0.6248    -1.44  0.1525
D_Dln_IPCA_13         0.0981463     0.6089    0.161  0.8721
D_mX_1             4.34239e-008 1.862e-008     2.33  0.0206
D_mX_2             7.76312e-008 2.391e-008     3.25  0.0014
D_mX_3             1.02381e-007 2.600e-008     3.94  0.0001
D_mX_4             1.23182e-007 2.836e-008     4.34  0.0000
D_mX_5             1.26835e-007 3.094e-008     4.10  0.0001
D_mX_6             1.30594e-007 3.257e-008     4.01  0.0001
D_mX_7             1.44652e-007 3.322e-008     4.35  0.0000
D_mX_8             1.07721e-007 3.315e-008     3.25  0.0013
D_mX_9             8.31744e-008 3.177e-008     2.62  0.0095
D_mX_10            7.69607e-008 2.933e-008     2.62  0.0093
D_mX_11            7.42632e-008 2.665e-008     2.79  0.0058
D_mX_12            7.62618e-008 2.395e-008     3.18  0.0017
D_mX_13            3.90213e-008 1.813e-008     2.15  0.0326
Constant        U    0.00146201   0.001669    0.876  0.3821
CSeasonal       U     0.0721874    0.03135     2.30  0.0223
CSeasonal_1     U     0.0471682    0.03177     1.48  0.1391
CSeasonal_2     U      0.243766    0.03342     7.29  0.0000
CSeasonal_3     U     0.0858382    0.03358     2.56  0.0113
CSeasonal_4     U      0.157552    0.03116     5.06  0.0000
CSeasonal_5     U     0.0878202    0.03346     2.62  0.0093
CSeasonal_6     U      0.160828    0.03190     5.04  0.0000
CSeasonal_7     U      0.103969    0.03210     3.24  0.0014
CSeasonal_8     U     0.0818380    0.03209     2.55  0.0115
CSeasonal_9     U      0.166969    0.03141     5.32  0.0000
CSeasonal_10    U     0.0802394    0.03017     2.66  0.0084

sigma = 0.0258608   RSS = 0.1397751046

URF equation for: D_ln_Selic_aa
                    Coefficient  Std.Error  t-value  t-prob
D_lpim_BR_1          -0.0108509    0.04751   -0.228  0.8196
D_lpim_BR_2           0.0347588    0.05461    0.637  0.5251
D_lpim_BR_3         0.000125447    0.05509  0.00228  0.9982
D_lpim_BR_4          0.00900930    0.05525    0.163  0.8706
D_lpim_BR_5           0.0640991    0.05578     1.15  0.2518
D_lpim_BR_6           0.0460812    0.05548    0.831  0.4071
D_lpim_BR_7            0.123459    0.05373     2.30  0.0226
D_lpim_BR_8           0.0652164    0.05402     1.21  0.2287
D_lpim_BR_9          0.00154968    0.05326   0.0291  0.9768
D_lpim_BR_10        -0.00811762    0.05160   -0.157  0.8751
D_lpim_BR_11         -0.0121954    0.04943   -0.247  0.8054
D_lpim_BR_12          0.0950923    0.04869     1.95  0.0521
D_lpim_BR_13          0.0405312    0.04526    0.896  0.3715
D_ln_Selic_aa_1       0.0526209    0.06895    0.763  0.4462
D_ln_Selic_aa_2      -0.0722614    0.06952    -1.04  0.2998
D_ln_Selic_aa_3      -0.0772696    0.06788    -1.14  0.2563
D_ln_Selic_aa_4      -0.0916338    0.06702    -1.37  0.1730
D_ln_Selic_aa_5      -0.0411895    0.06738   -0.611  0.5417
D_ln_Selic_aa_6       0.0269013    0.06678    0.403  0.6875
D_ln_Selic_aa_7       -0.199401    0.06522    -3.06  0.0025
D_ln_Selic_aa_8       -0.105144    0.06564    -1.60  0.1107
D_ln_Selic_aa_9      -0.0372610    0.06500   -0.573  0.5671
D_ln_Selic_aa_10       0.120813    0.06447     1.87  0.0623
D_ln_Selic_aa_11      0.0157966    0.06036    0.262  0.7938
D_ln_Selic_aa_12     -0.0429015    0.05655   -0.759  0.4489
D_ln_Selic_aa_13      -0.103998    0.05558    -1.87  0.0627
D_Dln_IPCA_1           0.333053     0.3987    0.835  0.4045
D_Dln_IPCA_2           0.495723     0.4152     1.19  0.2338
D_Dln_IPCA_3          -0.321129     0.4343   -0.739  0.4605
D_Dln_IPCA_4           0.217973     0.4391    0.496  0.6202
D_Dln_IPCA_5           0.559794     0.4423     1.27  0.2070
D_Dln_IPCA_6          0.0542210     0.4502    0.120  0.9042
D_Dln_IPCA_7           0.734442     0.4593     1.60  0.1113
D_Dln_IPCA_8           0.401727     0.4582    0.877  0.3817
D_Dln_IPCA_9           0.721917     0.4517     1.60  0.1115
D_Dln_IPCA_10           1.05256     0.4524     2.33  0.0210
D_Dln_IPCA_11         0.0466374     0.4353    0.107  0.9148
D_Dln_IPCA_12          0.414756     0.4109     1.01  0.3139
D_Dln_IPCA_13          0.399377     0.4004    0.997  0.3197
D_mX_1            -9.90258e-010 1.224e-008  -0.0809  0.9356
D_mX_2            -6.82257e-009 1.572e-008   -0.434  0.6648
D_mX_3            -7.60709e-010 1.710e-008  -0.0445  0.9646
D_mX_4            -5.66837e-009 1.865e-008   -0.304  0.7615
D_mX_5            -1.55582e-008 2.035e-008   -0.765  0.4454
D_mX_6            -6.50536e-009 2.142e-008   -0.304  0.7616
D_mX_7            -2.32004e-008 2.185e-008    -1.06  0.2894
D_mX_8            -3.50424e-008 2.180e-008    -1.61  0.1095
D_mX_9            -3.42836e-008 2.089e-008    -1.64  0.1023
D_mX_10           -2.61219e-008 1.928e-008    -1.35  0.1770
D_mX_11           -4.29871e-009 1.752e-008   -0.245  0.8065
D_mX_12           -1.95526e-008 1.575e-008    -1.24  0.2158
D_mX_13           -1.71508e-008 1.192e-008    -1.44  0.1518
Constant        U   -0.00140144   0.001098    -1.28  0.2031
CSeasonal       U     0.0282983    0.02061     1.37  0.1713
CSeasonal_1     U     0.0403449    0.02089     1.93  0.0548
CSeasonal_2     U    0.00714055    0.02197    0.325  0.7455
CSeasonal_3     U     0.0164044    0.02208    0.743  0.4584
CSeasonal_4     U    0.00335148    0.02049    0.164  0.8702
CSeasonal_5     U     0.0431051    0.02200     1.96  0.0514
CSeasonal_6     U    0.00930579    0.02098    0.444  0.6578
CSeasonal_7     U    0.00776065    0.02111    0.368  0.7135
CSeasonal_8     U     0.0369374    0.02110     1.75  0.0815
CSeasonal_9     U     0.0194224    0.02065    0.940  0.3481
CSeasonal_10    U     0.0451164    0.01984     2.27  0.0240

sigma = 0.0170058   RSS = 0.06044227768

URF equation for: D_Dln_IPCA
                    Coefficient  Std.Error  t-value  t-prob
D_lpim_BR_1         -0.00835220   0.008126    -1.03  0.3052
D_lpim_BR_2           0.0124007   0.009339     1.33  0.1857
D_lpim_BR_3         -0.00367154   0.009422   -0.390  0.6972
D_lpim_BR_4          0.00833912   0.009450    0.882  0.3785
D_lpim_BR_5           0.0106544   0.009539     1.12  0.2653
D_lpim_BR_6          0.00718616   0.009488    0.757  0.4497
D_lpim_BR_7          0.00533472   0.009190    0.581  0.5622
D_lpim_BR_8         -0.00117680   0.009240   -0.127  0.8988
D_lpim_BR_9           0.0101072   0.009109     1.11  0.2684
D_lpim_BR_10          0.0136311   0.008825     1.54  0.1240
D_lpim_BR_11         0.00587629   0.008455    0.695  0.4878
D_lpim_BR_12        0.000179317   0.008326   0.0215  0.9828
D_lpim_BR_13        0.000971738   0.007741    0.126  0.9002
D_ln_Selic_aa_1      0.00298663    0.01179    0.253  0.8003
D_ln_Selic_aa_2      -0.0107027    0.01189   -0.900  0.3690
D_ln_Selic_aa_3     -0.00601962    0.01161   -0.519  0.6046
D_ln_Selic_aa_4       0.0108142    0.01146    0.944  0.3465
D_ln_Selic_aa_5     0.000568314    0.01152   0.0493  0.9607
D_ln_Selic_aa_6       0.0182533    0.01142     1.60  0.1115
D_ln_Selic_aa_7     0.000951571    0.01115   0.0853  0.9321
D_ln_Selic_aa_8      -0.0110903    0.01123   -0.988  0.3243
D_ln_Selic_aa_9     -0.00291648    0.01112   -0.262  0.7933
D_ln_Selic_aa_10     0.00784389    0.01103    0.711  0.4776
D_ln_Selic_aa_11    -0.00530310    0.01032   -0.514  0.6080
D_ln_Selic_aa_12     0.00217028   0.009671    0.224  0.8227
D_ln_Selic_aa_13      0.0199846   0.009505     2.10  0.0367
D_Dln_IPCA_1          -0.238206    0.06819    -3.49  0.0006
D_Dln_IPCA_2          -0.308177    0.07101    -4.34  0.0000
D_Dln_IPCA_3          -0.241197    0.07428    -3.25  0.0014
D_Dln_IPCA_4         -0.0549878    0.07510   -0.732  0.4649
D_Dln_IPCA_5          -0.212927    0.07564    -2.82  0.0053
D_Dln_IPCA_6          -0.217589    0.07699    -2.83  0.0052
D_Dln_IPCA_7          -0.235140    0.07855    -2.99  0.0031
D_Dln_IPCA_8          -0.183006    0.07837    -2.34  0.0205
D_Dln_IPCA_9         -0.0253799    0.07725   -0.329  0.7428
D_Dln_IPCA_10        -0.0651645    0.07738   -0.842  0.4007
D_Dln_IPCA_11        -0.0209515    0.07444   -0.281  0.7786
D_Dln_IPCA_12        0.00187866    0.07027   0.0267  0.9787
D_Dln_IPCA_13        -0.0185603    0.06848   -0.271  0.7866
D_mX_1             7.53115e-010 2.094e-009    0.360  0.7195
D_mX_2            -2.26333e-009 2.689e-009   -0.842  0.4009
D_mX_3            -2.23298e-009 2.924e-009   -0.764  0.4459
D_mX_4            -2.13422e-009 3.190e-009   -0.669  0.5042
D_mX_5            -4.90418e-009 3.480e-009    -1.41  0.1603
D_mX_6            -3.61427e-009 3.663e-009   -0.987  0.3249
D_mX_7             1.00910e-009 3.736e-009    0.270  0.7874
D_mX_8            -1.03964e-009 3.728e-009   -0.279  0.7806
D_mX_9            -3.85080e-009 3.573e-009    -1.08  0.2824
D_mX_10           -3.56233e-009 3.298e-009    -1.08  0.2813
D_mX_11           -2.79395e-009 2.997e-009   -0.932  0.3523
D_mX_12           -3.74933e-009 2.694e-009    -1.39  0.1654
D_mX_13           -2.14959e-009 2.039e-009    -1.05  0.2931
Constant        U -9.40165e-005  0.0001877   -0.501  0.6170
CSeasonal       U    0.00568194   0.003525     1.61  0.1085
CSeasonal_1     U   0.000700529   0.003573    0.196  0.8447
CSeasonal_2     U   0.000375549   0.003758   0.0999  0.9205
CSeasonal_3     U    0.00459433   0.003776     1.22  0.2251
CSeasonal_4     U   -0.00167071   0.003505   -0.477  0.6341
CSeasonal_5     U    0.00685898   0.003763     1.82  0.0698
CSeasonal_6     U    0.00708138   0.003587     1.97  0.0497
CSeasonal_7     U   -0.00289219   0.003610   -0.801  0.4239
CSeasonal_8     U  -0.000614839   0.003609   -0.170  0.8649
CSeasonal_9     U    0.00553432   0.003532     1.57  0.1187
CSeasonal_10    U    0.00535780   0.003393     1.58  0.1159

sigma = 0.00290842   RSS = 0.001767906209

log-likelihood     2657.05993  -T/2log|Omega|     3819.17059
|Omega|        7.0592196e-013  log|Y'Y/T|        -26.6366719
R^2(LR)              0.738834  R^2(LM)              0.357609
no. of observations       273  no. of parameters         192

F-test on regressors except unrestricted: F(156,621) = 2.25077 [0.0000] **
F-tests on retained regressors, F(3,207) =
 D_lpim_BR_1       20.5156 [0.000]** D_lpim_BR_2       4.88076 [0.003]**
 D_lpim_BR_3      0.472962 [0.701]   D_lpim_BR_4       4.34475 [0.005]**
 D_lpim_BR_5       3.11307 [0.027]*  D_lpim_BR_6      0.678627 [0.566]  
 D_lpim_BR_7       3.95990 [0.009]** D_lpim_BR_8       1.14843 [0.331]  
 D_lpim_BR_9      0.410047 [0.746]  D_lpim_BR_10       2.02788 [0.111]  
D_lpim_BR_11      0.438956 [0.725]  D_lpim_BR_12       1.42903 [0.235]  
D_lpim_BR_13       1.73696 [0.161]  D_ln_Selic_aa_1       2.84343 [0.039]* 
D_ln_Selic_aa_2       1.19204 [0.314]  D_ln_Selic_aa_3      0.915135 [0.434]  
D_ln_Selic_aa_4       2.10832 [0.100]  D_ln_Selic_aa_5      0.483868 [0.694]  
D_ln_Selic_aa_6      0.921713 [0.431]  D_ln_Selic_aa_7       3.19904 [0.024]* 
D_ln_Selic_aa_8       1.11666 [0.343]  D_ln_Selic_aa_9      0.793293 [0.499]  
D_ln_Selic_aa_10       1.37354 [0.252]  D_ln_Selic_aa_11      0.238777 [0.869]  
D_ln_Selic_aa_12      0.214334 [0.886]  D_ln_Selic_aa_13       3.59677 [0.014]* 
D_Dln_IPCA_1       7.02862 [0.000]**D_Dln_IPCA_2       7.55014 [0.000]**
D_Dln_IPCA_3       3.81283 [0.011]* D_Dln_IPCA_4      0.374128 [0.772]  
D_Dln_IPCA_5       3.49783 [0.016]* D_Dln_IPCA_6       2.66582 [0.049]* 
D_Dln_IPCA_7       4.11539 [0.007]**D_Dln_IPCA_8       2.15894 [0.094]  
D_Dln_IPCA_9       1.35810 [0.257]  D_Dln_IPCA_10       2.27687 [0.081]  
D_Dln_IPCA_11     0.0478083 [0.986]  D_Dln_IPCA_12      0.869447 [0.458]  
D_Dln_IPCA_13      0.407308 [0.748]        D_mX_1       1.87228 [0.135]  
      D_mX_2       3.74380 [0.012]*       D_mX_3       5.51119 [0.001]**
      D_mX_4       6.48986 [0.000]**      D_mX_5       6.22943 [0.000]**
      D_mX_6       5.73372 [0.001]**      D_mX_7       6.30400 [0.000]**
      D_mX_8       3.84895 [0.010]*       D_mX_9       3.06410 [0.029]* 
     D_mX_10       2.89036 [0.036]*      D_mX_11       2.89914 [0.036]* 
     D_mX_12       4.11442 [0.007]**     D_mX_13       2.22987 [0.086]  
    Constant U    0.740481 [0.529]     CSeasonal U     3.58653 [0.015]* 
 CSeasonal_1 U     2.39372 [0.070]   CSeasonal_2 U     18.5333 [0.000]**
 CSeasonal_3 U     3.08131 [0.028]*  CSeasonal_4 U     8.96580 [0.000]**
 CSeasonal_5 U     5.22167 [0.002]** CSeasonal_6 U     10.1819 [0.000]**
 CSeasonal_7 U     4.04416 [0.008]** CSeasonal_8 U     3.87353 [0.010]* 
 CSeasonal_9 U     11.2593 [0.000]**CSeasonal_10 U     5.58847 [0.001]**

correlation of URF residuals (standard deviations on diagonal)
                 D_lpim_BRD_ln_Selic_aa   D_Dln_IPCA
D_lpim_BR         0.025861     -0.18562    0.0063828
D_ln_Selic_aa     -0.18562     0.017006     0.060960
D_Dln_IPCA       0.0063828     0.060960    0.0029084
correlation between actual and fitted
    D_lpim_BRD_ln_Selic_aa   D_Dln_IPCA
      0.93746      0.57495      0.64423

D_lpim_BR_1@D_lpim_BR              -0.55292
D_lpim_BR_2@D_lpim_BR              -0.29877
D_lpim_BR_3@D_lpim_BR             -0.093734
D_lpim_BR_4@D_lpim_BR              -0.29157
D_lpim_BR_5@D_lpim_BR              -0.23714
D_lpim_BR_6@D_lpim_BR             -0.088999
D_lpim_BR_7@D_lpim_BR              -0.23920
D_lpim_BR_8@D_lpim_BR              -0.13230
D_lpim_BR_9@D_lpim_BR             0.0088327
D_lpim_BR_10@D_lpim_BR             -0.14370
D_lpim_BR_11@D_lpim_BR            -0.060107
D_lpim_BR_12@D_lpim_BR            -0.078605
D_lpim_BR_13@D_lpim_BR              0.13136
D_ln_Selic_aa_1@D_lpim_BR          -0.30559
D_ln_Selic_aa_2@D_lpim_BR          -0.12157
D_ln_Selic_aa_3@D_lpim_BR         -0.093450
D_ln_Selic_aa_4@D_lpim_BR          -0.15847
D_ln_Selic_aa_5@D_lpim_BR         -0.093046
D_ln_Selic_aa_6@D_lpim_BR         -0.042575
D_ln_Selic_aa_7@D_lpim_BR           0.10719
D_ln_Selic_aa_8@D_lpim_BR          0.014044
D_ln_Selic_aa_9@D_lpim_BR          -0.12799
D_ln_Selic_aa_10@D_lpim_BR         0.018864
D_ln_Selic_aa_11@D_lpim_BR        -0.060410
D_ln_Selic_aa_12@D_lpim_BR         0.011580
D_ln_Selic_aa_13@D_lpim_BR        -0.097595
D_Dln_IPCA_1@D_lpim_BR               1.5510
D_Dln_IPCA_2@D_lpim_BR              0.66499
D_Dln_IPCA_3@D_lpim_BR              0.59979
D_Dln_IPCA_4@D_lpim_BR              0.29084
D_Dln_IPCA_5@D_lpim_BR              0.31786
D_Dln_IPCA_6@D_lpim_BR            -0.024711
D_Dln_IPCA_7@D_lpim_BR             -0.63389
D_Dln_IPCA_8@D_lpim_BR           0.00081488
D_Dln_IPCA_9@D_lpim_BR              -1.0008
D_Dln_IPCA_10@D_lpim_BR             0.17465
D_Dln_IPCA_11@D_lpim_BR             0.12897
D_Dln_IPCA_12@D_lpim_BR            -0.89710
D_Dln_IPCA_13@D_lpim_BR            0.098146
D_mX_1@D_lpim_BR                4.3424e-008
D_mX_2@D_lpim_BR                7.7631e-008
D_mX_3@D_lpim_BR                1.0238e-007
D_mX_4@D_lpim_BR                1.2318e-007
D_mX_5@D_lpim_BR                1.2683e-007
D_mX_6@D_lpim_BR                1.3059e-007
D_mX_7@D_lpim_BR                1.4465e-007
D_mX_8@D_lpim_BR                1.0772e-007
D_mX_9@D_lpim_BR                8.3174e-008
D_mX_10@D_lpim_BR               7.6961e-008
D_mX_11@D_lpim_BR               7.4263e-008
D_mX_12@D_lpim_BR               7.6262e-008
D_mX_13@D_lpim_BR               3.9021e-008
Constant@D_lpim_BR                0.0014620
CSeasonal@D_lpim_BR                0.072187
CSeasonal_1@D_lpim_BR              0.047168
CSeasonal_2@D_lpim_BR               0.24377
CSeasonal_3@D_lpim_BR              0.085838
CSeasonal_4@D_lpim_BR               0.15755
CSeasonal_5@D_lpim_BR              0.087820
CSeasonal_6@D_lpim_BR               0.16083
CSeasonal_7@D_lpim_BR               0.10397
CSeasonal_8@D_lpim_BR              0.081838
CSeasonal_9@D_lpim_BR               0.16697
CSeasonal_10@D_lpim_BR             0.080239
D_lpim_BR_1@D_ln_Selic_aa         -0.010851
D_lpim_BR_2@D_ln_Selic_aa          0.034759
D_lpim_BR_3@D_ln_Selic_aa        0.00012545
D_lpim_BR_4@D_ln_Selic_aa         0.0090093
D_lpim_BR_5@D_ln_Selic_aa          0.064099
D_lpim_BR_6@D_ln_Selic_aa          0.046081
D_lpim_BR_7@D_ln_Selic_aa           0.12346
D_lpim_BR_8@D_ln_Selic_aa          0.065216
D_lpim_BR_9@D_ln_Selic_aa         0.0015497
D_lpim_BR_10@D_ln_Selic_aa       -0.0081176
D_lpim_BR_11@D_ln_Selic_aa        -0.012195
D_lpim_BR_12@D_ln_Selic_aa         0.095092
D_lpim_BR_13@D_ln_Selic_aa         0.040531
D_ln_Selic_aa_1@D_ln_Selic_aa      0.052621
D_ln_Selic_aa_2@D_ln_Selic_aa     -0.072261
D_ln_Selic_aa_3@D_ln_Selic_aa     -0.077270
D_ln_Selic_aa_4@D_ln_Selic_aa     -0.091634
D_ln_Selic_aa_5@D_ln_Selic_aa     -0.041190
D_ln_Selic_aa_6@D_ln_Selic_aa      0.026901
D_ln_Selic_aa_7@D_ln_Selic_aa      -0.19940
D_ln_Selic_aa_8@D_ln_Selic_aa      -0.10514
D_ln_Selic_aa_9@D_ln_Selic_aa     -0.037261
D_ln_Selic_aa_10@D_ln_Selic_aa      0.12081
D_ln_Selic_aa_11@D_ln_Selic_aa     0.015797
D_ln_Selic_aa_12@D_ln_Selic_aa    -0.042901
D_ln_Selic_aa_13@D_ln_Selic_aa     -0.10400
D_Dln_IPCA_1@D_ln_Selic_aa          0.33305
D_Dln_IPCA_2@D_ln_Selic_aa          0.49572
D_Dln_IPCA_3@D_ln_Selic_aa         -0.32113
D_Dln_IPCA_4@D_ln_Selic_aa          0.21797
D_Dln_IPCA_5@D_ln_Selic_aa          0.55979
D_Dln_IPCA_6@D_ln_Selic_aa         0.054221
D_Dln_IPCA_7@D_ln_Selic_aa          0.73444
D_Dln_IPCA_8@D_ln_Selic_aa          0.40173
D_Dln_IPCA_9@D_ln_Selic_aa          0.72192
D_Dln_IPCA_10@D_ln_Selic_aa          1.0526
D_Dln_IPCA_11@D_ln_Selic_aa        0.046637
D_Dln_IPCA_12@D_ln_Selic_aa         0.41476
D_Dln_IPCA_13@D_ln_Selic_aa         0.39938
D_mX_1@D_ln_Selic_aa           -9.9026e-010
D_mX_2@D_ln_Selic_aa           -6.8226e-009
D_mX_3@D_ln_Selic_aa           -7.6071e-010
D_mX_4@D_ln_Selic_aa           -5.6684e-009
D_mX_5@D_ln_Selic_aa           -1.5558e-008
D_mX_6@D_ln_Selic_aa           -6.5054e-009
D_mX_7@D_ln_Selic_aa           -2.3200e-008
D_mX_8@D_ln_Selic_aa           -3.5042e-008
D_mX_9@D_ln_Selic_aa           -3.4284e-008
D_mX_10@D_ln_Selic_aa          -2.6122e-008
D_mX_11@D_ln_Selic_aa          -4.2987e-009
D_mX_12@D_ln_Selic_aa          -1.9553e-008
D_mX_13@D_ln_Selic_aa          -1.7151e-008
Constant@D_ln_Selic_aa           -0.0014014
CSeasonal@D_ln_Selic_aa            0.028298
CSeasonal_1@D_ln_Selic_aa          0.040345
CSeasonal_2@D_ln_Selic_aa         0.0071405
CSeasonal_3@D_ln_Selic_aa          0.016404
CSeasonal_4@D_ln_Selic_aa         0.0033515
CSeasonal_5@D_ln_Selic_aa          0.043105
CSeasonal_6@D_ln_Selic_aa         0.0093058
CSeasonal_7@D_ln_Selic_aa         0.0077607
CSeasonal_8@D_ln_Selic_aa          0.036937
CSeasonal_9@D_ln_Selic_aa          0.019422
CSeasonal_10@D_ln_Selic_aa         0.045116
D_lpim_BR_1@D_Dln_IPCA           -0.0083522
D_lpim_BR_2@D_Dln_IPCA             0.012401
D_lpim_BR_3@D_Dln_IPCA           -0.0036715
D_lpim_BR_4@D_Dln_IPCA            0.0083391
D_lpim_BR_5@D_Dln_IPCA             0.010654
D_lpim_BR_6@D_Dln_IPCA            0.0071862
D_lpim_BR_7@D_Dln_IPCA            0.0053347
D_lpim_BR_8@D_Dln_IPCA           -0.0011768
D_lpim_BR_9@D_Dln_IPCA             0.010107
D_lpim_BR_10@D_Dln_IPCA            0.013631
D_lpim_BR_11@D_Dln_IPCA           0.0058763
D_lpim_BR_12@D_Dln_IPCA          0.00017932
D_lpim_BR_13@D_Dln_IPCA          0.00097174
D_ln_Selic_aa_1@D_Dln_IPCA        0.0029866
D_ln_Selic_aa_2@D_Dln_IPCA        -0.010703
D_ln_Selic_aa_3@D_Dln_IPCA       -0.0060196
D_ln_Selic_aa_4@D_Dln_IPCA         0.010814
D_ln_Selic_aa_5@D_Dln_IPCA       0.00056831
D_ln_Selic_aa_6@D_Dln_IPCA         0.018253
D_ln_Selic_aa_7@D_Dln_IPCA       0.00095157
D_ln_Selic_aa_8@D_Dln_IPCA        -0.011090
D_ln_Selic_aa_9@D_Dln_IPCA       -0.0029165
D_ln_Selic_aa_10@D_Dln_IPCA       0.0078439
D_ln_Selic_aa_11@D_Dln_IPCA      -0.0053031
D_ln_Selic_aa_12@D_Dln_IPCA       0.0021703
D_ln_Selic_aa_13@D_Dln_IPCA        0.019985
D_Dln_IPCA_1@D_Dln_IPCA            -0.23821
D_Dln_IPCA_2@D_Dln_IPCA            -0.30818
D_Dln_IPCA_3@D_Dln_IPCA            -0.24120
D_Dln_IPCA_4@D_Dln_IPCA           -0.054988
D_Dln_IPCA_5@D_Dln_IPCA            -0.21293
D_Dln_IPCA_6@D_Dln_IPCA            -0.21759
D_Dln_IPCA_7@D_Dln_IPCA            -0.23514
D_Dln_IPCA_8@D_Dln_IPCA            -0.18301
D_Dln_IPCA_9@D_Dln_IPCA           -0.025380
D_Dln_IPCA_10@D_Dln_IPCA          -0.065164
D_Dln_IPCA_11@D_Dln_IPCA          -0.020952
D_Dln_IPCA_12@D_Dln_IPCA          0.0018787
D_Dln_IPCA_13@D_Dln_IPCA          -0.018560
D_mX_1@D_Dln_IPCA               7.5311e-010
D_mX_2@D_Dln_IPCA              -2.2633e-009
D_mX_3@D_Dln_IPCA              -2.2330e-009
D_mX_4@D_Dln_IPCA              -2.1342e-009
D_mX_5@D_Dln_IPCA              -4.9042e-009
D_mX_6@D_Dln_IPCA              -3.6143e-009
D_mX_7@D_Dln_IPCA               1.0091e-009
D_mX_8@D_Dln_IPCA              -1.0396e-009
D_mX_9@D_Dln_IPCA              -3.8508e-009
D_mX_10@D_Dln_IPCA             -3.5623e-009
D_mX_11@D_Dln_IPCA             -2.7939e-009
D_mX_12@D_Dln_IPCA             -3.7493e-009
D_mX_13@D_Dln_IPCA             -2.1496e-009
Constant@D_Dln_IPCA            -9.4017e-005
CSeasonal@D_Dln_IPCA              0.0056819
CSeasonal_1@D_Dln_IPCA           0.00070053
CSeasonal_2@D_Dln_IPCA           0.00037555
CSeasonal_3@D_Dln_IPCA            0.0045943
CSeasonal_4@D_Dln_IPCA           -0.0016707
CSeasonal_5@D_Dln_IPCA            0.0068590
CSeasonal_6@D_Dln_IPCA            0.0070814
CSeasonal_7@D_Dln_IPCA           -0.0028922
CSeasonal_8@D_Dln_IPCA          -0.00061484
CSeasonal_9@D_Dln_IPCA            0.0055343
CSeasonal_10@D_Dln_IPCA           0.0053578
Processo H iniciado
Processo U iniciado
Processo U finalizado
Processo Extracao da matriz de saturacao (IIS)
Processo AlphaBeta iniciado
Processo B iniciado
*** Fim da estimacao dos modelos de macrovariaveis *** 
